#! /usr/local/bin/vvp
:ivl_version "12.0 (devel)" "(s20150603-1148-gef01dd1e)";
:ivl_delay_selection "TYPICAL";
:vpi_time_precision + 0;
:vpi_module "/usr/local/lib/ivl/system.vpi";
:vpi_module "/usr/local/lib/ivl/vhdl_sys.vpi";
:vpi_module "/usr/local/lib/ivl/vhdl_textio.vpi";
:vpi_module "/usr/local/lib/ivl/v2005_math.vpi";
:vpi_module "/usr/local/lib/ivl/va_math.vpi";
:vpi_module "/usr/local/lib/ivl/v2009.vpi";
S_0x557c5311d4a0 .scope package, "$unit" "$unit" 2 1;
 .timescale 0 0;
S_0x557c5311bcf0 .scope module, "control" "control" 3 1;
 .timescale 0 0;
    .port_info 0 /INPUT 6 "instruction_opcode";
    .port_info 1 /INPUT 6 "func_code";
    .port_info 2 /INPUT 5 "special_branch_codes";
    .port_info 3 /INPUT 1 "state";
    .port_info 4 /INPUT 1 "B_link";
    .port_info 5 /OUTPUT 1 "RegDst";
    .port_info 6 /OUTPUT 1 "MemRead";
    .port_info 7 /OUTPUT 1 "MemtoReg";
    .port_info 8 /OUTPUT 1 "MemWrite";
    .port_info 9 /OUTPUT 1 "ALUSrc";
    .port_info 10 /OUTPUT 1 "RegWrite";
    .port_info 11 /OUTPUT 1 "Add";
    .port_info 12 /OUTPUT 1 "Sub";
    .port_info 13 /OUTPUT 1 "Mul";
    .port_info 14 /OUTPUT 1 "Div";
    .port_info 15 /OUTPUT 1 "Unsigned";
    .port_info 16 /OUTPUT 1 "Or";
    .port_info 17 /OUTPUT 1 "And";
    .port_info 18 /OUTPUT 1 "Xor";
    .port_info 19 /OUTPUT 1 "SL";
    .port_info 20 /OUTPUT 1 "SR";
    .port_info 21 /OUTPUT 1 "Arithmetic";
    .port_info 22 /OUTPUT 1 "Boolean";
    .port_info 23 /OUTPUT 1 "R31";
    .port_info 24 /OUTPUT 1 "ShiftAmt";
v0x557c5312e250_0 .var "ALUSrc", 0 0;
v0x557c53205410_0 .var "Add", 0 0;
v0x557c532054d0_0 .var "And", 0 0;
v0x557c53205570_0 .var "Arithmetic", 0 0;
o0x7fd00e8ba0d8 .functor BUFZ 1, C4<z>; HiZ drive
v0x557c53205630_0 .net "B_link", 0 0, o0x7fd00e8ba0d8;  0 drivers
v0x557c53205740_0 .var "Boolean", 0 0;
v0x557c53205800_0 .var "Div", 0 0;
v0x557c532058c0_0 .var "MemRead", 0 0;
v0x557c53205980_0 .var "MemWrite", 0 0;
v0x557c53205a40_0 .var "MemtoReg", 0 0;
v0x557c53205b00_0 .var "Mul", 0 0;
v0x557c53205bc0_0 .var "Or", 0 0;
v0x557c53205c80_0 .var "R31", 0 0;
v0x557c53205d40_0 .var "RegDst", 0 0;
v0x557c53205e00_0 .var "RegWrite", 0 0;
v0x557c53205ec0_0 .var "SL", 0 0;
v0x557c53205f80_0 .var "SR", 0 0;
v0x557c53206040_0 .var "ShiftAmt", 0 0;
v0x557c53206100_0 .var "Sub", 0 0;
v0x557c532061c0_0 .var "Unsigned", 0 0;
v0x557c53206280_0 .var "Xor", 0 0;
o0x7fd00e8ba408 .functor BUFZ 6, C4<zzzzzz>; HiZ drive
v0x557c53206340_0 .net "func_code", 5 0, o0x7fd00e8ba408;  0 drivers
o0x7fd00e8ba438 .functor BUFZ 6, C4<zzzzzz>; HiZ drive
v0x557c53206420_0 .net "instruction_opcode", 5 0, o0x7fd00e8ba438;  0 drivers
o0x7fd00e8ba468 .functor BUFZ 5, C4<zzzzz>; HiZ drive
v0x557c53206500_0 .net "special_branch_codes", 4 0, o0x7fd00e8ba468;  0 drivers
o0x7fd00e8ba498 .functor BUFZ 1, C4<z>; HiZ drive
v0x557c532065e0_0 .net "state", 0 0, o0x7fd00e8ba498;  0 drivers
E_0x557c5311c250/0 .event anyedge, v0x557c532065e0_0, v0x557c53206420_0, v0x557c53206340_0, v0x557c53205630_0;
E_0x557c5311c250/1 .event anyedge, v0x557c53206500_0;
E_0x557c5311c250 .event/or E_0x557c5311c250/0, E_0x557c5311c250/1;
    .scope S_0x557c5311bcf0;
T_0 ;
Ewait_0 .event/or E_0x557c5311c250, E_0x0;
    %wait Ewait_0;
    %load/vec4 v0x557c532065e0_0;
    %nor/r;
    %flag_set/vec4 8;
    %jmp/0xz  T_0.0, 8;
    %pushi/vec4 0, 0, 1;
    %store/vec4 v0x557c53205d40_0, 0, 1;
    %pushi/vec4 0, 0, 1;
    %store/vec4 v0x557c532058c0_0, 0, 1;
    %pushi/vec4 1, 0, 1;
    %store/vec4 v0x557c53205a40_0, 0, 1;
    %pushi/vec4 0, 0, 1;
    %store/vec4 v0x557c53205980_0, 0, 1;
    %pushi/vec4 0, 0, 1;
    %store/vec4 v0x557c5312e250_0, 0, 1;
    %pushi/vec4 0, 0, 1;
    %store/vec4 v0x557c53205e00_0, 0, 1;
    %pushi/vec4 0, 0, 1;
    %store/vec4 v0x557c53206040_0, 0, 1;
    %pushi/vec4 0, 0, 1;
    %store/vec4 v0x557c53205c80_0, 0, 1;
    %pushi/vec4 0, 0, 1;
    %store/vec4 v0x557c53205410_0, 0, 1;
    %pushi/vec4 0, 0, 1;
    %store/vec4 v0x557c53206100_0, 0, 1;
    %pushi/vec4 0, 0, 1;
    %store/vec4 v0x557c53205b00_0, 0, 1;
    %pushi/vec4 0, 0, 1;
    %store/vec4 v0x557c53205800_0, 0, 1;
    %pushi/vec4 0, 0, 1;
    %store/vec4 v0x557c532061c0_0, 0, 1;
    %pushi/vec4 0, 0, 1;
    %store/vec4 v0x557c53205bc0_0, 0, 1;
    %pushi/vec4 0, 0, 1;
    %store/vec4 v0x557c532054d0_0, 0, 1;
    %pushi/vec4 0, 0, 1;
    %store/vec4 v0x557c53206280_0, 0, 1;
    %pushi/vec4 0, 0, 1;
    %store/vec4 v0x557c53205ec0_0, 0, 1;
    %pushi/vec4 0, 0, 1;
    %store/vec4 v0x557c53205f80_0, 0, 1;
    %pushi/vec4 0, 0, 1;
    %store/vec4 v0x557c53205570_0, 0, 1;
    %pushi/vec4 0, 0, 1;
    %store/vec4 v0x557c53205740_0, 0, 1;
    %jmp T_0.1;
T_0.0 ;
    %load/vec4 v0x557c53206420_0;
    %pad/u 32;
    %cmpi/e 0, 0, 32;
    %jmp/0xz  T_0.2, 4;
    %load/vec4 v0x557c53206340_0;
    %dup/vec4;
    %pushi/vec4 33, 0, 6;
    %cmp/x;
    %jmp/1 T_0.4, 4;
    %dup/vec4;
    %pushi/vec4 36, 0, 6;
    %cmp/x;
    %jmp/1 T_0.5, 4;
    %dup/vec4;
    %pushi/vec4 26, 0, 6;
    %cmp/x;
    %jmp/1 T_0.6, 4;
    %dup/vec4;
    %pushi/vec4 27, 0, 6;
    %cmp/x;
    %jmp/1 T_0.7, 4;
    %dup/vec4;
    %pushi/vec4 9, 0, 6;
    %cmp/x;
    %jmp/1 T_0.8, 4;
    %dup/vec4;
    %pushi/vec4 8, 0, 6;
    %cmp/x;
    %jmp/1 T_0.9, 4;
    %dup/vec4;
    %pushi/vec4 17, 0, 6;
    %cmp/x;
    %jmp/1 T_0.10, 4;
    %dup/vec4;
    %pushi/vec4 19, 0, 6;
    %cmp/x;
    %jmp/1 T_0.11, 4;
    %dup/vec4;
    %pushi/vec4 24, 0, 6;
    %cmp/x;
    %jmp/1 T_0.12, 4;
    %dup/vec4;
    %pushi/vec4 25, 0, 6;
    %cmp/x;
    %jmp/1 T_0.13, 4;
    %dup/vec4;
    %pushi/vec4 37, 0, 6;
    %cmp/x;
    %jmp/1 T_0.14, 4;
    %dup/vec4;
    %pushi/vec4 0, 0, 6;
    %cmp/x;
    %jmp/1 T_0.15, 4;
    %dup/vec4;
    %pushi/vec4 4, 0, 6;
    %cmp/x;
    %jmp/1 T_0.16, 4;
    %dup/vec4;
    %pushi/vec4 42, 0, 6;
    %cmp/x;
    %jmp/1 T_0.17, 4;
    %dup/vec4;
    %pushi/vec4 43, 0, 6;
    %cmp/x;
    %jmp/1 T_0.18, 4;
    %dup/vec4;
    %pushi/vec4 3, 0, 6;
    %cmp/x;
    %jmp/1 T_0.19, 4;
    %dup/vec4;
    %pushi/vec4 7, 0, 6;
    %cmp/x;
    %jmp/1 T_0.20, 4;
    %dup/vec4;
    %pushi/vec4 2, 0, 6;
    %cmp/x;
    %jmp/1 T_0.21, 4;
    %dup/vec4;
    %pushi/vec4 6, 0, 6;
    %cmp/x;
    %jmp/1 T_0.22, 4;
    %dup/vec4;
    %pushi/vec4 35, 0, 6;
    %cmp/x;
    %jmp/1 T_0.23, 4;
    %dup/vec4;
    %pushi/vec4 38, 0, 6;
    %cmp/x;
    %jmp/1 T_0.24, 4;
    %jmp T_0.25;
T_0.4 ;
    %pushi/vec4 1, 0, 1;
    %store/vec4 v0x557c53205d40_0, 0, 1;
    %pushi/vec4 0, 0, 1;
    %store/vec4 v0x557c532058c0_0, 0, 1;
    %pushi/vec4 0, 0, 1;
    %store/vec4 v0x557c53205a40_0, 0, 1;
    %pushi/vec4 0, 0, 1;
    %store/vec4 v0x557c53205980_0, 0, 1;
    %pushi/vec4 0, 0, 1;
    %store/vec4 v0x557c5312e250_0, 0, 1;
    %pushi/vec4 1, 0, 1;
    %store/vec4 v0x557c53205e00_0, 0, 1;
    %pushi/vec4 0, 0, 1;
    %store/vec4 v0x557c53206040_0, 0, 1;
    %pushi/vec4 0, 0, 1;
    %store/vec4 v0x557c53205c80_0, 0, 1;
    %pushi/vec4 1, 0, 1;
    %store/vec4 v0x557c53205410_0, 0, 1;
    %pushi/vec4 0, 0, 1;
    %store/vec4 v0x557c53206100_0, 0, 1;
    %pushi/vec4 0, 0, 1;
    %store/vec4 v0x557c53205b00_0, 0, 1;
    %pushi/vec4 0, 0, 1;
    %store/vec4 v0x557c53205800_0, 0, 1;
    %pushi/vec4 1, 0, 1;
    %store/vec4 v0x557c532061c0_0, 0, 1;
    %pushi/vec4 0, 0, 1;
    %store/vec4 v0x557c53205bc0_0, 0, 1;
    %pushi/vec4 0, 0, 1;
    %store/vec4 v0x557c532054d0_0, 0, 1;
    %pushi/vec4 0, 0, 1;
    %store/vec4 v0x557c53206280_0, 0, 1;
    %pushi/vec4 0, 0, 1;
    %store/vec4 v0x557c53205ec0_0, 0, 1;
    %pushi/vec4 0, 0, 1;
    %store/vec4 v0x557c53205f80_0, 0, 1;
    %pushi/vec4 0, 0, 1;
    %store/vec4 v0x557c53205570_0, 0, 1;
    %pushi/vec4 0, 0, 1;
    %store/vec4 v0x557c53205740_0, 0, 1;
    %jmp T_0.25;
T_0.5 ;
    %pushi/vec4 1, 0, 1;
    %store/vec4 v0x557c53205d40_0, 0, 1;
    %pushi/vec4 0, 0, 1;
    %store/vec4 v0x557c532058c0_0, 0, 1;
    %pushi/vec4 0, 0, 1;
    %store/vec4 v0x557c53205a40_0, 0, 1;
    %pushi/vec4 0, 0, 1;
    %store/vec4 v0x557c53205980_0, 0, 1;
    %pushi/vec4 0, 0, 1;
    %store/vec4 v0x557c5312e250_0, 0, 1;
    %pushi/vec4 1, 0, 1;
    %store/vec4 v0x557c53205e00_0, 0, 1;
    %pushi/vec4 0, 0, 1;
    %store/vec4 v0x557c53206040_0, 0, 1;
    %pushi/vec4 0, 0, 1;
    %store/vec4 v0x557c53205c80_0, 0, 1;
    %pushi/vec4 0, 0, 1;
    %store/vec4 v0x557c53205410_0, 0, 1;
    %pushi/vec4 0, 0, 1;
    %store/vec4 v0x557c53206100_0, 0, 1;
    %pushi/vec4 0, 0, 1;
    %store/vec4 v0x557c53205b00_0, 0, 1;
    %pushi/vec4 0, 0, 1;
    %store/vec4 v0x557c53205800_0, 0, 1;
    %pushi/vec4 0, 0, 1;
    %store/vec4 v0x557c532061c0_0, 0, 1;
    %pushi/vec4 0, 0, 1;
    %store/vec4 v0x557c53205bc0_0, 0, 1;
    %pushi/vec4 1, 0, 1;
    %store/vec4 v0x557c532054d0_0, 0, 1;
    %pushi/vec4 0, 0, 1;
    %store/vec4 v0x557c53206280_0, 0, 1;
    %pushi/vec4 0, 0, 1;
    %store/vec4 v0x557c53205ec0_0, 0, 1;
    %pushi/vec4 0, 0, 1;
    %store/vec4 v0x557c53205f80_0, 0, 1;
    %pushi/vec4 0, 0, 1;
    %store/vec4 v0x557c53205570_0, 0, 1;
    %pushi/vec4 0, 0, 1;
    %store/vec4 v0x557c53205740_0, 0, 1;
    %jmp T_0.25;
T_0.6 ;
    %pushi/vec4 1, 1, 1;
    %store/vec4 v0x557c53205d40_0, 0, 1;
    %pushi/vec4 0, 0, 1;
    %store/vec4 v0x557c532058c0_0, 0, 1;
    %pushi/vec4 0, 0, 1;
    %store/vec4 v0x557c53205a40_0, 0, 1;
    %pushi/vec4 0, 0, 1;
    %store/vec4 v0x557c53205980_0, 0, 1;
    %pushi/vec4 0, 0, 1;
    %store/vec4 v0x557c5312e250_0, 0, 1;
    %pushi/vec4 0, 0, 1;
    %store/vec4 v0x557c53205e00_0, 0, 1;
    %pushi/vec4 0, 0, 1;
    %store/vec4 v0x557c53206040_0, 0, 1;
    %pushi/vec4 0, 0, 1;
    %store/vec4 v0x557c53205c80_0, 0, 1;
    %pushi/vec4 0, 0, 1;
    %store/vec4 v0x557c53205410_0, 0, 1;
    %pushi/vec4 0, 0, 1;
    %store/vec4 v0x557c53206100_0, 0, 1;
    %pushi/vec4 0, 0, 1;
    %store/vec4 v0x557c53205b00_0, 0, 1;
    %pushi/vec4 1, 0, 1;
    %store/vec4 v0x557c53205800_0, 0, 1;
    %pushi/vec4 0, 0, 1;
    %store/vec4 v0x557c532061c0_0, 0, 1;
    %pushi/vec4 0, 0, 1;
    %store/vec4 v0x557c53205bc0_0, 0, 1;
    %pushi/vec4 0, 0, 1;
    %store/vec4 v0x557c532054d0_0, 0, 1;
    %pushi/vec4 0, 0, 1;
    %store/vec4 v0x557c53206280_0, 0, 1;
    %pushi/vec4 0, 0, 1;
    %store/vec4 v0x557c53205ec0_0, 0, 1;
    %pushi/vec4 0, 0, 1;
    %store/vec4 v0x557c53205f80_0, 0, 1;
    %pushi/vec4 0, 0, 1;
    %store/vec4 v0x557c53205570_0, 0, 1;
    %pushi/vec4 0, 0, 1;
    %store/vec4 v0x557c53205740_0, 0, 1;
    %jmp T_0.25;
T_0.7 ;
    %pushi/vec4 1, 1, 1;
    %store/vec4 v0x557c53205d40_0, 0, 1;
    %pushi/vec4 0, 0, 1;
    %store/vec4 v0x557c532058c0_0, 0, 1;
    %pushi/vec4 0, 0, 1;
    %store/vec4 v0x557c53205a40_0, 0, 1;
    %pushi/vec4 0, 0, 1;
    %store/vec4 v0x557c53205980_0, 0, 1;
    %pushi/vec4 0, 0, 1;
    %store/vec4 v0x557c5312e250_0, 0, 1;
    %pushi/vec4 0, 0, 1;
    %store/vec4 v0x557c53205e00_0, 0, 1;
    %pushi/vec4 0, 0, 1;
    %store/vec4 v0x557c53206040_0, 0, 1;
    %pushi/vec4 0, 0, 1;
    %store/vec4 v0x557c53205c80_0, 0, 1;
    %pushi/vec4 0, 0, 1;
    %store/vec4 v0x557c53205410_0, 0, 1;
    %pushi/vec4 0, 0, 1;
    %store/vec4 v0x557c53206100_0, 0, 1;
    %pushi/vec4 0, 0, 1;
    %store/vec4 v0x557c53205b00_0, 0, 1;
    %pushi/vec4 1, 0, 1;
    %store/vec4 v0x557c53205800_0, 0, 1;
    %pushi/vec4 1, 0, 1;
    %store/vec4 v0x557c532061c0_0, 0, 1;
    %pushi/vec4 0, 0, 1;
    %store/vec4 v0x557c53205bc0_0, 0, 1;
    %pushi/vec4 0, 0, 1;
    %store/vec4 v0x557c532054d0_0, 0, 1;
    %pushi/vec4 0, 0, 1;
    %store/vec4 v0x557c53206280_0, 0, 1;
    %pushi/vec4 0, 0, 1;
    %store/vec4 v0x557c53205ec0_0, 0, 1;
    %pushi/vec4 0, 0, 1;
    %store/vec4 v0x557c53205f80_0, 0, 1;
    %pushi/vec4 0, 0, 1;
    %store/vec4 v0x557c53205570_0, 0, 1;
    %pushi/vec4 0, 0, 1;
    %store/vec4 v0x557c53205740_0, 0, 1;
    %jmp T_0.25;
T_0.8 ;
    %pushi/vec4 1, 0, 1;
    %store/vec4 v0x557c53205d40_0, 0, 1;
    %pushi/vec4 0, 0, 1;
    %store/vec4 v0x557c532058c0_0, 0, 1;
    %pushi/vec4 0, 0, 1;
    %store/vec4 v0x557c53205a40_0, 0, 1;
    %pushi/vec4 0, 0, 1;
    %store/vec4 v0x557c53205980_0, 0, 1;
    %pushi/vec4 0, 0, 1;
    %store/vec4 v0x557c5312e250_0, 0, 1;
    %load/vec4 v0x557c53205630_0;
    %store/vec4 v0x557c53205e00_0, 0, 1;
    %pushi/vec4 0, 0, 1;
    %store/vec4 v0x557c53206040_0, 0, 1;
    %pushi/vec4 1, 0, 1;
    %store/vec4 v0x557c53205c80_0, 0, 1;
    %pushi/vec4 0, 0, 1;
    %store/vec4 v0x557c53205410_0, 0, 1;
    %pushi/vec4 0, 0, 1;
    %store/vec4 v0x557c53206100_0, 0, 1;
    %pushi/vec4 0, 0, 1;
    %store/vec4 v0x557c53205b00_0, 0, 1;
    %pushi/vec4 0, 0, 1;
    %store/vec4 v0x557c53205800_0, 0, 1;
    %pushi/vec4 0, 0, 1;
    %store/vec4 v0x557c532061c0_0, 0, 1;
    %pushi/vec4 0, 0, 1;
    %store/vec4 v0x557c53205bc0_0, 0, 1;
    %pushi/vec4 0, 0, 1;
    %store/vec4 v0x557c532054d0_0, 0, 1;
    %pushi/vec4 0, 0, 1;
    %store/vec4 v0x557c53206280_0, 0, 1;
    %pushi/vec4 0, 0, 1;
    %store/vec4 v0x557c53205ec0_0, 0, 1;
    %pushi/vec4 0, 0, 1;
    %store/vec4 v0x557c53205f80_0, 0, 1;
    %pushi/vec4 0, 0, 1;
    %store/vec4 v0x557c53205570_0, 0, 1;
    %pushi/vec4 0, 0, 1;
    %store/vec4 v0x557c53205740_0, 0, 1;
    %jmp T_0.25;
T_0.9 ;
    %pushi/vec4 1, 1, 1;
    %store/vec4 v0x557c53205d40_0, 0, 1;
    %pushi/vec4 0, 0, 1;
    %store/vec4 v0x557c532058c0_0, 0, 1;
    %pushi/vec4 0, 0, 1;
    %store/vec4 v0x557c53205a40_0, 0, 1;
    %pushi/vec4 0, 0, 1;
    %store/vec4 v0x557c53205980_0, 0, 1;
    %pushi/vec4 0, 0, 1;
    %store/vec4 v0x557c5312e250_0, 0, 1;
    %load/vec4 v0x557c53205630_0;
    %store/vec4 v0x557c53205e00_0, 0, 1;
    %pushi/vec4 0, 0, 1;
    %store/vec4 v0x557c53206040_0, 0, 1;
    %pushi/vec4 0, 0, 1;
    %store/vec4 v0x557c53205c80_0, 0, 1;
    %pushi/vec4 0, 0, 1;
    %store/vec4 v0x557c53205410_0, 0, 1;
    %pushi/vec4 0, 0, 1;
    %store/vec4 v0x557c53206100_0, 0, 1;
    %pushi/vec4 0, 0, 1;
    %store/vec4 v0x557c53205b00_0, 0, 1;
    %pushi/vec4 0, 0, 1;
    %store/vec4 v0x557c53205800_0, 0, 1;
    %pushi/vec4 0, 0, 1;
    %store/vec4 v0x557c532061c0_0, 0, 1;
    %pushi/vec4 0, 0, 1;
    %store/vec4 v0x557c53205bc0_0, 0, 1;
    %pushi/vec4 0, 0, 1;
    %store/vec4 v0x557c532054d0_0, 0, 1;
    %pushi/vec4 0, 0, 1;
    %store/vec4 v0x557c53206280_0, 0, 1;
    %pushi/vec4 0, 0, 1;
    %store/vec4 v0x557c53205ec0_0, 0, 1;
    %pushi/vec4 0, 0, 1;
    %store/vec4 v0x557c53205f80_0, 0, 1;
    %pushi/vec4 0, 0, 1;
    %store/vec4 v0x557c53205570_0, 0, 1;
    %pushi/vec4 0, 0, 1;
    %store/vec4 v0x557c53205740_0, 0, 1;
    %jmp T_0.25;
T_0.10 ;
    %pushi/vec4 1, 1, 1;
    %store/vec4 v0x557c53205d40_0, 0, 1;
    %pushi/vec4 0, 0, 1;
    %store/vec4 v0x557c532058c0_0, 0, 1;
    %pushi/vec4 0, 0, 1;
    %store/vec4 v0x557c53205a40_0, 0, 1;
    %pushi/vec4 0, 0, 1;
    %store/vec4 v0x557c53205980_0, 0, 1;
    %pushi/vec4 0, 0, 1;
    %store/vec4 v0x557c5312e250_0, 0, 1;
    %pushi/vec4 0, 0, 1;
    %store/vec4 v0x557c53205e00_0, 0, 1;
    %pushi/vec4 0, 0, 1;
    %store/vec4 v0x557c53206040_0, 0, 1;
    %pushi/vec4 0, 0, 1;
    %store/vec4 v0x557c53205c80_0, 0, 1;
    %pushi/vec4 0, 0, 1;
    %store/vec4 v0x557c53205410_0, 0, 1;
    %pushi/vec4 0, 0, 1;
    %store/vec4 v0x557c53206100_0, 0, 1;
    %pushi/vec4 0, 0, 1;
    %store/vec4 v0x557c53205b00_0, 0, 1;
    %pushi/vec4 0, 0, 1;
    %store/vec4 v0x557c53205800_0, 0, 1;
    %pushi/vec4 0, 0, 1;
    %store/vec4 v0x557c532061c0_0, 0, 1;
    %pushi/vec4 0, 0, 1;
    %store/vec4 v0x557c53205bc0_0, 0, 1;
    %pushi/vec4 0, 0, 1;
    %store/vec4 v0x557c532054d0_0, 0, 1;
    %pushi/vec4 0, 0, 1;
    %store/vec4 v0x557c53206280_0, 0, 1;
    %pushi/vec4 0, 0, 1;
    %store/vec4 v0x557c53205ec0_0, 0, 1;
    %pushi/vec4 0, 0, 1;
    %store/vec4 v0x557c53205f80_0, 0, 1;
    %pushi/vec4 0, 0, 1;
    %store/vec4 v0x557c53205570_0, 0, 1;
    %pushi/vec4 0, 0, 1;
    %store/vec4 v0x557c53205740_0, 0, 1;
    %jmp T_0.25;
T_0.11 ;
    %pushi/vec4 1, 1, 1;
    %store/vec4 v0x557c53205d40_0, 0, 1;
    %pushi/vec4 0, 0, 1;
    %store/vec4 v0x557c532058c0_0, 0, 1;
    %pushi/vec4 0, 0, 1;
    %store/vec4 v0x557c53205a40_0, 0, 1;
    %pushi/vec4 0, 0, 1;
    %store/vec4 v0x557c53205980_0, 0, 1;
    %pushi/vec4 0, 0, 1;
    %store/vec4 v0x557c5312e250_0, 0, 1;
    %pushi/vec4 0, 0, 1;
    %store/vec4 v0x557c53205e00_0, 0, 1;
    %pushi/vec4 0, 0, 1;
    %store/vec4 v0x557c53206040_0, 0, 1;
    %pushi/vec4 0, 0, 1;
    %store/vec4 v0x557c53205c80_0, 0, 1;
    %pushi/vec4 0, 0, 1;
    %store/vec4 v0x557c53205410_0, 0, 1;
    %pushi/vec4 0, 0, 1;
    %store/vec4 v0x557c53206100_0, 0, 1;
    %pushi/vec4 0, 0, 1;
    %store/vec4 v0x557c53205b00_0, 0, 1;
    %pushi/vec4 0, 0, 1;
    %store/vec4 v0x557c53205800_0, 0, 1;
    %pushi/vec4 0, 0, 1;
    %store/vec4 v0x557c532061c0_0, 0, 1;
    %pushi/vec4 0, 0, 1;
    %store/vec4 v0x557c53205bc0_0, 0, 1;
    %pushi/vec4 0, 0, 1;
    %store/vec4 v0x557c532054d0_0, 0, 1;
    %pushi/vec4 0, 0, 1;
    %store/vec4 v0x557c53206280_0, 0, 1;
    %pushi/vec4 0, 0, 1;
    %store/vec4 v0x557c53205ec0_0, 0, 1;
    %pushi/vec4 0, 0, 1;
    %store/vec4 v0x557c53205f80_0, 0, 1;
    %pushi/vec4 0, 0, 1;
    %store/vec4 v0x557c53205570_0, 0, 1;
    %pushi/vec4 0, 0, 1;
    %store/vec4 v0x557c53205740_0, 0, 1;
    %jmp T_0.25;
T_0.12 ;
    %pushi/vec4 1, 1, 1;
    %store/vec4 v0x557c53205d40_0, 0, 1;
    %pushi/vec4 0, 0, 1;
    %store/vec4 v0x557c532058c0_0, 0, 1;
    %pushi/vec4 1, 1, 1;
    %store/vec4 v0x557c53205a40_0, 0, 1;
    %pushi/vec4 0, 0, 1;
    %store/vec4 v0x557c53205980_0, 0, 1;
    %pushi/vec4 0, 0, 1;
    %store/vec4 v0x557c5312e250_0, 0, 1;
    %pushi/vec4 0, 0, 1;
    %store/vec4 v0x557c53205e00_0, 0, 1;
    %pushi/vec4 0, 0, 1;
    %store/vec4 v0x557c53206040_0, 0, 1;
    %pushi/vec4 0, 0, 1;
    %store/vec4 v0x557c53205c80_0, 0, 1;
    %pushi/vec4 0, 0, 1;
    %store/vec4 v0x557c53205410_0, 0, 1;
    %pushi/vec4 0, 0, 1;
    %store/vec4 v0x557c53206100_0, 0, 1;
    %pushi/vec4 1, 0, 1;
    %store/vec4 v0x557c53205b00_0, 0, 1;
    %pushi/vec4 0, 0, 1;
    %store/vec4 v0x557c53205800_0, 0, 1;
    %pushi/vec4 0, 0, 1;
    %store/vec4 v0x557c532061c0_0, 0, 1;
    %pushi/vec4 0, 0, 1;
    %store/vec4 v0x557c53205bc0_0, 0, 1;
    %pushi/vec4 0, 0, 1;
    %store/vec4 v0x557c532054d0_0, 0, 1;
    %pushi/vec4 0, 0, 1;
    %store/vec4 v0x557c53206280_0, 0, 1;
    %pushi/vec4 0, 0, 1;
    %store/vec4 v0x557c53205ec0_0, 0, 1;
    %pushi/vec4 0, 0, 1;
    %store/vec4 v0x557c53205f80_0, 0, 1;
    %pushi/vec4 0, 0, 1;
    %store/vec4 v0x557c53205570_0, 0, 1;
    %pushi/vec4 0, 0, 1;
    %store/vec4 v0x557c53205740_0, 0, 1;
    %jmp T_0.25;
T_0.13 ;
    %pushi/vec4 1, 1, 1;
    %store/vec4 v0x557c53205d40_0, 0, 1;
    %pushi/vec4 0, 0, 1;
    %store/vec4 v0x557c532058c0_0, 0, 1;
    %pushi/vec4 1, 1, 1;
    %store/vec4 v0x557c53205a40_0, 0, 1;
    %pushi/vec4 0, 0, 1;
    %store/vec4 v0x557c53205980_0, 0, 1;
    %pushi/vec4 0, 0, 1;
    %store/vec4 v0x557c5312e250_0, 0, 1;
    %pushi/vec4 0, 0, 1;
    %store/vec4 v0x557c53205e00_0, 0, 1;
    %pushi/vec4 0, 0, 1;
    %store/vec4 v0x557c53206040_0, 0, 1;
    %pushi/vec4 0, 0, 1;
    %store/vec4 v0x557c53205c80_0, 0, 1;
    %pushi/vec4 0, 0, 1;
    %store/vec4 v0x557c53205410_0, 0, 1;
    %pushi/vec4 0, 0, 1;
    %store/vec4 v0x557c53206100_0, 0, 1;
    %pushi/vec4 1, 0, 1;
    %store/vec4 v0x557c53205b00_0, 0, 1;
    %pushi/vec4 0, 0, 1;
    %store/vec4 v0x557c53205800_0, 0, 1;
    %pushi/vec4 1, 0, 1;
    %store/vec4 v0x557c532061c0_0, 0, 1;
    %pushi/vec4 0, 0, 1;
    %store/vec4 v0x557c53205bc0_0, 0, 1;
    %pushi/vec4 0, 0, 1;
    %store/vec4 v0x557c532054d0_0, 0, 1;
    %pushi/vec4 0, 0, 1;
    %store/vec4 v0x557c53206280_0, 0, 1;
    %pushi/vec4 0, 0, 1;
    %store/vec4 v0x557c53205ec0_0, 0, 1;
    %pushi/vec4 0, 0, 1;
    %store/vec4 v0x557c53205f80_0, 0, 1;
    %pushi/vec4 0, 0, 1;
    %store/vec4 v0x557c53205570_0, 0, 1;
    %pushi/vec4 0, 0, 1;
    %store/vec4 v0x557c53205740_0, 0, 1;
    %jmp T_0.25;
T_0.14 ;
    %pushi/vec4 1, 0, 1;
    %store/vec4 v0x557c53205d40_0, 0, 1;
    %pushi/vec4 0, 0, 1;
    %store/vec4 v0x557c532058c0_0, 0, 1;
    %pushi/vec4 0, 0, 1;
    %store/vec4 v0x557c53205a40_0, 0, 1;
    %pushi/vec4 0, 0, 1;
    %store/vec4 v0x557c53205980_0, 0, 1;
    %pushi/vec4 0, 0, 1;
    %store/vec4 v0x557c5312e250_0, 0, 1;
    %pushi/vec4 1, 0, 1;
    %store/vec4 v0x557c53205e00_0, 0, 1;
    %pushi/vec4 0, 0, 1;
    %store/vec4 v0x557c53206040_0, 0, 1;
    %pushi/vec4 0, 0, 1;
    %store/vec4 v0x557c53205c80_0, 0, 1;
    %pushi/vec4 0, 0, 1;
    %store/vec4 v0x557c53205410_0, 0, 1;
    %pushi/vec4 0, 0, 1;
    %store/vec4 v0x557c53206100_0, 0, 1;
    %pushi/vec4 0, 0, 1;
    %store/vec4 v0x557c53205b00_0, 0, 1;
    %pushi/vec4 0, 0, 1;
    %store/vec4 v0x557c53205800_0, 0, 1;
    %pushi/vec4 0, 0, 1;
    %store/vec4 v0x557c532061c0_0, 0, 1;
    %pushi/vec4 1, 0, 1;
    %store/vec4 v0x557c53205bc0_0, 0, 1;
    %pushi/vec4 0, 0, 1;
    %store/vec4 v0x557c532054d0_0, 0, 1;
    %pushi/vec4 0, 0, 1;
    %store/vec4 v0x557c53206280_0, 0, 1;
    %pushi/vec4 0, 0, 1;
    %store/vec4 v0x557c53205ec0_0, 0, 1;
    %pushi/vec4 0, 0, 1;
    %store/vec4 v0x557c53205f80_0, 0, 1;
    %pushi/vec4 0, 0, 1;
    %store/vec4 v0x557c53205570_0, 0, 1;
    %pushi/vec4 0, 0, 1;
    %store/vec4 v0x557c53205740_0, 0, 1;
    %jmp T_0.25;
T_0.15 ;
    %pushi/vec4 1, 0, 1;
    %store/vec4 v0x557c53205d40_0, 0, 1;
    %pushi/vec4 0, 0, 1;
    %store/vec4 v0x557c532058c0_0, 0, 1;
    %pushi/vec4 0, 0, 1;
    %store/vec4 v0x557c53205a40_0, 0, 1;
    %pushi/vec4 0, 0, 1;
    %store/vec4 v0x557c53205980_0, 0, 1;
    %pushi/vec4 1, 0, 1;
    %store/vec4 v0x557c5312e250_0, 0, 1;
    %pushi/vec4 1, 0, 1;
    %store/vec4 v0x557c53205e00_0, 0, 1;
    %pushi/vec4 1, 0, 1;
    %store/vec4 v0x557c53206040_0, 0, 1;
    %pushi/vec4 0, 0, 1;
    %store/vec4 v0x557c53205c80_0, 0, 1;
    %pushi/vec4 0, 0, 1;
    %store/vec4 v0x557c53205410_0, 0, 1;
    %pushi/vec4 0, 0, 1;
    %store/vec4 v0x557c53206100_0, 0, 1;
    %pushi/vec4 0, 0, 1;
    %store/vec4 v0x557c53205b00_0, 0, 1;
    %pushi/vec4 0, 0, 1;
    %store/vec4 v0x557c53205800_0, 0, 1;
    %pushi/vec4 0, 0, 1;
    %store/vec4 v0x557c532061c0_0, 0, 1;
    %pushi/vec4 0, 0, 1;
    %store/vec4 v0x557c53205bc0_0, 0, 1;
    %pushi/vec4 0, 0, 1;
    %store/vec4 v0x557c532054d0_0, 0, 1;
    %pushi/vec4 0, 0, 1;
    %store/vec4 v0x557c53206280_0, 0, 1;
    %pushi/vec4 1, 0, 1;
    %store/vec4 v0x557c53205ec0_0, 0, 1;
    %pushi/vec4 0, 0, 1;
    %store/vec4 v0x557c53205f80_0, 0, 1;
    %pushi/vec4 0, 0, 1;
    %store/vec4 v0x557c53205570_0, 0, 1;
    %pushi/vec4 0, 0, 1;
    %store/vec4 v0x557c53205740_0, 0, 1;
    %jmp T_0.25;
T_0.16 ;
    %pushi/vec4 1, 0, 1;
    %store/vec4 v0x557c53205d40_0, 0, 1;
    %pushi/vec4 0, 0, 1;
    %store/vec4 v0x557c532058c0_0, 0, 1;
    %pushi/vec4 0, 0, 1;
    %store/vec4 v0x557c53205a40_0, 0, 1;
    %pushi/vec4 0, 0, 1;
    %store/vec4 v0x557c53205980_0, 0, 1;
    %pushi/vec4 0, 0, 1;
    %store/vec4 v0x557c5312e250_0, 0, 1;
    %pushi/vec4 1, 0, 1;
    %store/vec4 v0x557c53205e00_0, 0, 1;
    %pushi/vec4 0, 0, 1;
    %store/vec4 v0x557c53206040_0, 0, 1;
    %pushi/vec4 0, 0, 1;
    %store/vec4 v0x557c53205c80_0, 0, 1;
    %pushi/vec4 0, 0, 1;
    %store/vec4 v0x557c53205410_0, 0, 1;
    %pushi/vec4 0, 0, 1;
    %store/vec4 v0x557c53206100_0, 0, 1;
    %pushi/vec4 0, 0, 1;
    %store/vec4 v0x557c53205b00_0, 0, 1;
    %pushi/vec4 0, 0, 1;
    %store/vec4 v0x557c53205800_0, 0, 1;
    %pushi/vec4 0, 0, 1;
    %store/vec4 v0x557c532061c0_0, 0, 1;
    %pushi/vec4 0, 0, 1;
    %store/vec4 v0x557c53205bc0_0, 0, 1;
    %pushi/vec4 0, 0, 1;
    %store/vec4 v0x557c532054d0_0, 0, 1;
    %pushi/vec4 0, 0, 1;
    %store/vec4 v0x557c53206280_0, 0, 1;
    %pushi/vec4 1, 0, 1;
    %store/vec4 v0x557c53205ec0_0, 0, 1;
    %pushi/vec4 0, 0, 1;
    %store/vec4 v0x557c53205f80_0, 0, 1;
    %pushi/vec4 0, 0, 1;
    %store/vec4 v0x557c53205570_0, 0, 1;
    %pushi/vec4 0, 0, 1;
    %store/vec4 v0x557c53205740_0, 0, 1;
    %jmp T_0.25;
T_0.17 ;
    %pushi/vec4 1, 0, 1;
    %store/vec4 v0x557c53205d40_0, 0, 1;
    %pushi/vec4 0, 0, 1;
    %store/vec4 v0x557c532058c0_0, 0, 1;
    %pushi/vec4 0, 0, 1;
    %store/vec4 v0x557c53205a40_0, 0, 1;
    %pushi/vec4 0, 0, 1;
    %store/vec4 v0x557c53205980_0, 0, 1;
    %pushi/vec4 0, 0, 1;
    %store/vec4 v0x557c5312e250_0, 0, 1;
    %pushi/vec4 1, 0, 1;
    %store/vec4 v0x557c53205e00_0, 0, 1;
    %pushi/vec4 0, 0, 1;
    %store/vec4 v0x557c53206040_0, 0, 1;
    %pushi/vec4 0, 0, 1;
    %store/vec4 v0x557c53205c80_0, 0, 1;
    %pushi/vec4 0, 0, 1;
    %store/vec4 v0x557c53205410_0, 0, 1;
    %pushi/vec4 1, 0, 1;
    %store/vec4 v0x557c53206100_0, 0, 1;
    %pushi/vec4 0, 0, 1;
    %store/vec4 v0x557c53205b00_0, 0, 1;
    %pushi/vec4 0, 0, 1;
    %store/vec4 v0x557c53205800_0, 0, 1;
    %pushi/vec4 0, 0, 1;
    %store/vec4 v0x557c532061c0_0, 0, 1;
    %pushi/vec4 0, 0, 1;
    %store/vec4 v0x557c53205bc0_0, 0, 1;
    %pushi/vec4 0, 0, 1;
    %store/vec4 v0x557c532054d0_0, 0, 1;
    %pushi/vec4 0, 0, 1;
    %store/vec4 v0x557c53206280_0, 0, 1;
    %pushi/vec4 0, 0, 1;
    %store/vec4 v0x557c53205ec0_0, 0, 1;
    %pushi/vec4 0, 0, 1;
    %store/vec4 v0x557c53205f80_0, 0, 1;
    %pushi/vec4 0, 0, 1;
    %store/vec4 v0x557c53205570_0, 0, 1;
    %pushi/vec4 1, 0, 1;
    %store/vec4 v0x557c53205740_0, 0, 1;
    %jmp T_0.25;
T_0.18 ;
    %pushi/vec4 1, 0, 1;
    %store/vec4 v0x557c53205d40_0, 0, 1;
    %pushi/vec4 0, 0, 1;
    %store/vec4 v0x557c532058c0_0, 0, 1;
    %pushi/vec4 0, 0, 1;
    %store/vec4 v0x557c53205a40_0, 0, 1;
    %pushi/vec4 0, 0, 1;
    %store/vec4 v0x557c53205980_0, 0, 1;
    %pushi/vec4 0, 0, 1;
    %store/vec4 v0x557c5312e250_0, 0, 1;
    %pushi/vec4 1, 0, 1;
    %store/vec4 v0x557c53205e00_0, 0, 1;
    %pushi/vec4 0, 0, 1;
    %store/vec4 v0x557c53206040_0, 0, 1;
    %pushi/vec4 0, 0, 1;
    %store/vec4 v0x557c53205c80_0, 0, 1;
    %pushi/vec4 0, 0, 1;
    %store/vec4 v0x557c53205410_0, 0, 1;
    %pushi/vec4 1, 0, 1;
    %store/vec4 v0x557c53206100_0, 0, 1;
    %pushi/vec4 0, 0, 1;
    %store/vec4 v0x557c53205b00_0, 0, 1;
    %pushi/vec4 0, 0, 1;
    %store/vec4 v0x557c53205800_0, 0, 1;
    %pushi/vec4 1, 0, 1;
    %store/vec4 v0x557c532061c0_0, 0, 1;
    %pushi/vec4 0, 0, 1;
    %store/vec4 v0x557c53205bc0_0, 0, 1;
    %pushi/vec4 0, 0, 1;
    %store/vec4 v0x557c532054d0_0, 0, 1;
    %pushi/vec4 0, 0, 1;
    %store/vec4 v0x557c53206280_0, 0, 1;
    %pushi/vec4 0, 0, 1;
    %store/vec4 v0x557c53205ec0_0, 0, 1;
    %pushi/vec4 0, 0, 1;
    %store/vec4 v0x557c53205f80_0, 0, 1;
    %pushi/vec4 0, 0, 1;
    %store/vec4 v0x557c53205570_0, 0, 1;
    %pushi/vec4 1, 0, 1;
    %store/vec4 v0x557c53205740_0, 0, 1;
    %jmp T_0.25;
T_0.19 ;
    %pushi/vec4 1, 0, 1;
    %store/vec4 v0x557c53205d40_0, 0, 1;
    %pushi/vec4 0, 0, 1;
    %store/vec4 v0x557c532058c0_0, 0, 1;
    %pushi/vec4 0, 0, 1;
    %store/vec4 v0x557c53205a40_0, 0, 1;
    %pushi/vec4 0, 0, 1;
    %store/vec4 v0x557c53205980_0, 0, 1;
    %pushi/vec4 1, 0, 1;
    %store/vec4 v0x557c5312e250_0, 0, 1;
    %pushi/vec4 1, 0, 1;
    %store/vec4 v0x557c53205e00_0, 0, 1;
    %pushi/vec4 1, 0, 1;
    %store/vec4 v0x557c53206040_0, 0, 1;
    %pushi/vec4 0, 0, 1;
    %store/vec4 v0x557c53205c80_0, 0, 1;
    %pushi/vec4 0, 0, 1;
    %store/vec4 v0x557c53205410_0, 0, 1;
    %pushi/vec4 0, 0, 1;
    %store/vec4 v0x557c53206100_0, 0, 1;
    %pushi/vec4 0, 0, 1;
    %store/vec4 v0x557c53205b00_0, 0, 1;
    %pushi/vec4 0, 0, 1;
    %store/vec4 v0x557c53205800_0, 0, 1;
    %pushi/vec4 0, 0, 1;
    %store/vec4 v0x557c532061c0_0, 0, 1;
    %pushi/vec4 0, 0, 1;
    %store/vec4 v0x557c53205bc0_0, 0, 1;
    %pushi/vec4 0, 0, 1;
    %store/vec4 v0x557c532054d0_0, 0, 1;
    %pushi/vec4 0, 0, 1;
    %store/vec4 v0x557c53206280_0, 0, 1;
    %pushi/vec4 0, 0, 1;
    %store/vec4 v0x557c53205ec0_0, 0, 1;
    %pushi/vec4 1, 0, 1;
    %store/vec4 v0x557c53205f80_0, 0, 1;
    %pushi/vec4 1, 0, 1;
    %store/vec4 v0x557c53205570_0, 0, 1;
    %pushi/vec4 0, 0, 1;
    %store/vec4 v0x557c53205740_0, 0, 1;
    %jmp T_0.25;
T_0.20 ;
    %pushi/vec4 1, 0, 1;
    %store/vec4 v0x557c53205d40_0, 0, 1;
    %pushi/vec4 0, 0, 1;
    %store/vec4 v0x557c532058c0_0, 0, 1;
    %pushi/vec4 0, 0, 1;
    %store/vec4 v0x557c53205a40_0, 0, 1;
    %pushi/vec4 0, 0, 1;
    %store/vec4 v0x557c53205980_0, 0, 1;
    %pushi/vec4 0, 0, 1;
    %store/vec4 v0x557c5312e250_0, 0, 1;
    %pushi/vec4 1, 0, 1;
    %store/vec4 v0x557c53205e00_0, 0, 1;
    %pushi/vec4 0, 0, 1;
    %store/vec4 v0x557c53206040_0, 0, 1;
    %pushi/vec4 0, 0, 1;
    %store/vec4 v0x557c53205c80_0, 0, 1;
    %pushi/vec4 0, 0, 1;
    %store/vec4 v0x557c53205410_0, 0, 1;
    %pushi/vec4 0, 0, 1;
    %store/vec4 v0x557c53206100_0, 0, 1;
    %pushi/vec4 0, 0, 1;
    %store/vec4 v0x557c53205b00_0, 0, 1;
    %pushi/vec4 0, 0, 1;
    %store/vec4 v0x557c53205800_0, 0, 1;
    %pushi/vec4 0, 0, 1;
    %store/vec4 v0x557c532061c0_0, 0, 1;
    %pushi/vec4 0, 0, 1;
    %store/vec4 v0x557c53205bc0_0, 0, 1;
    %pushi/vec4 0, 0, 1;
    %store/vec4 v0x557c532054d0_0, 0, 1;
    %pushi/vec4 0, 0, 1;
    %store/vec4 v0x557c53206280_0, 0, 1;
    %pushi/vec4 0, 0, 1;
    %store/vec4 v0x557c53205ec0_0, 0, 1;
    %pushi/vec4 1, 0, 1;
    %store/vec4 v0x557c53205f80_0, 0, 1;
    %pushi/vec4 1, 0, 1;
    %store/vec4 v0x557c53205570_0, 0, 1;
    %pushi/vec4 0, 0, 1;
    %store/vec4 v0x557c53205740_0, 0, 1;
    %jmp T_0.25;
T_0.21 ;
    %pushi/vec4 1, 0, 1;
    %store/vec4 v0x557c53205d40_0, 0, 1;
    %pushi/vec4 0, 0, 1;
    %store/vec4 v0x557c532058c0_0, 0, 1;
    %pushi/vec4 0, 0, 1;
    %store/vec4 v0x557c53205a40_0, 0, 1;
    %pushi/vec4 0, 0, 1;
    %store/vec4 v0x557c53205980_0, 0, 1;
    %pushi/vec4 1, 0, 1;
    %store/vec4 v0x557c5312e250_0, 0, 1;
    %pushi/vec4 1, 0, 1;
    %store/vec4 v0x557c53205e00_0, 0, 1;
    %pushi/vec4 1, 0, 1;
    %store/vec4 v0x557c53206040_0, 0, 1;
    %pushi/vec4 0, 0, 1;
    %store/vec4 v0x557c53205c80_0, 0, 1;
    %pushi/vec4 0, 0, 1;
    %store/vec4 v0x557c53205410_0, 0, 1;
    %pushi/vec4 0, 0, 1;
    %store/vec4 v0x557c53206100_0, 0, 1;
    %pushi/vec4 0, 0, 1;
    %store/vec4 v0x557c53205b00_0, 0, 1;
    %pushi/vec4 0, 0, 1;
    %store/vec4 v0x557c53205800_0, 0, 1;
    %pushi/vec4 0, 0, 1;
    %store/vec4 v0x557c532061c0_0, 0, 1;
    %pushi/vec4 0, 0, 1;
    %store/vec4 v0x557c53205bc0_0, 0, 1;
    %pushi/vec4 0, 0, 1;
    %store/vec4 v0x557c532054d0_0, 0, 1;
    %pushi/vec4 0, 0, 1;
    %store/vec4 v0x557c53206280_0, 0, 1;
    %pushi/vec4 0, 0, 1;
    %store/vec4 v0x557c53205ec0_0, 0, 1;
    %pushi/vec4 1, 0, 1;
    %store/vec4 v0x557c53205f80_0, 0, 1;
    %pushi/vec4 0, 0, 1;
    %store/vec4 v0x557c53205570_0, 0, 1;
    %pushi/vec4 0, 0, 1;
    %store/vec4 v0x557c53205740_0, 0, 1;
    %jmp T_0.25;
T_0.22 ;
    %pushi/vec4 1, 0, 1;
    %store/vec4 v0x557c53205d40_0, 0, 1;
    %pushi/vec4 0, 0, 1;
    %store/vec4 v0x557c532058c0_0, 0, 1;
    %pushi/vec4 0, 0, 1;
    %store/vec4 v0x557c53205a40_0, 0, 1;
    %pushi/vec4 0, 0, 1;
    %store/vec4 v0x557c53205980_0, 0, 1;
    %pushi/vec4 0, 0, 1;
    %store/vec4 v0x557c5312e250_0, 0, 1;
    %pushi/vec4 1, 0, 1;
    %store/vec4 v0x557c53205e00_0, 0, 1;
    %pushi/vec4 0, 0, 1;
    %store/vec4 v0x557c53206040_0, 0, 1;
    %pushi/vec4 0, 0, 1;
    %store/vec4 v0x557c53205c80_0, 0, 1;
    %pushi/vec4 0, 0, 1;
    %store/vec4 v0x557c53205410_0, 0, 1;
    %pushi/vec4 0, 0, 1;
    %store/vec4 v0x557c53206100_0, 0, 1;
    %pushi/vec4 0, 0, 1;
    %store/vec4 v0x557c53205b00_0, 0, 1;
    %pushi/vec4 0, 0, 1;
    %store/vec4 v0x557c53205800_0, 0, 1;
    %pushi/vec4 0, 0, 1;
    %store/vec4 v0x557c532061c0_0, 0, 1;
    %pushi/vec4 0, 0, 1;
    %store/vec4 v0x557c53205bc0_0, 0, 1;
    %pushi/vec4 0, 0, 1;
    %store/vec4 v0x557c532054d0_0, 0, 1;
    %pushi/vec4 0, 0, 1;
    %store/vec4 v0x557c53206280_0, 0, 1;
    %pushi/vec4 0, 0, 1;
    %store/vec4 v0x557c53205ec0_0, 0, 1;
    %pushi/vec4 1, 0, 1;
    %store/vec4 v0x557c53205f80_0, 0, 1;
    %pushi/vec4 0, 0, 1;
    %store/vec4 v0x557c53205570_0, 0, 1;
    %pushi/vec4 0, 0, 1;
    %store/vec4 v0x557c53205740_0, 0, 1;
    %jmp T_0.25;
T_0.23 ;
    %pushi/vec4 1, 0, 1;
    %store/vec4 v0x557c53205d40_0, 0, 1;
    %pushi/vec4 0, 0, 1;
    %store/vec4 v0x557c532058c0_0, 0, 1;
    %pushi/vec4 0, 0, 1;
    %store/vec4 v0x557c53205a40_0, 0, 1;
    %pushi/vec4 0, 0, 1;
    %store/vec4 v0x557c53205980_0, 0, 1;
    %pushi/vec4 0, 0, 1;
    %store/vec4 v0x557c5312e250_0, 0, 1;
    %pushi/vec4 1, 0, 1;
    %store/vec4 v0x557c53205e00_0, 0, 1;
    %pushi/vec4 0, 0, 1;
    %store/vec4 v0x557c53206040_0, 0, 1;
    %pushi/vec4 0, 0, 1;
    %store/vec4 v0x557c53205c80_0, 0, 1;
    %pushi/vec4 0, 0, 1;
    %store/vec4 v0x557c53205410_0, 0, 1;
    %pushi/vec4 1, 0, 1;
    %store/vec4 v0x557c53206100_0, 0, 1;
    %pushi/vec4 0, 0, 1;
    %store/vec4 v0x557c53205b00_0, 0, 1;
    %pushi/vec4 0, 0, 1;
    %store/vec4 v0x557c53205800_0, 0, 1;
    %pushi/vec4 1, 0, 1;
    %store/vec4 v0x557c532061c0_0, 0, 1;
    %pushi/vec4 0, 0, 1;
    %store/vec4 v0x557c53205bc0_0, 0, 1;
    %pushi/vec4 0, 0, 1;
    %store/vec4 v0x557c532054d0_0, 0, 1;
    %pushi/vec4 0, 0, 1;
    %store/vec4 v0x557c53206280_0, 0, 1;
    %pushi/vec4 0, 0, 1;
    %store/vec4 v0x557c53205ec0_0, 0, 1;
    %pushi/vec4 0, 0, 1;
    %store/vec4 v0x557c53205f80_0, 0, 1;
    %pushi/vec4 0, 0, 1;
    %store/vec4 v0x557c53205570_0, 0, 1;
    %pushi/vec4 0, 0, 1;
    %store/vec4 v0x557c53205740_0, 0, 1;
    %jmp T_0.25;
T_0.24 ;
    %pushi/vec4 1, 0, 1;
    %store/vec4 v0x557c53205d40_0, 0, 1;
    %pushi/vec4 0, 0, 1;
    %store/vec4 v0x557c532058c0_0, 0, 1;
    %pushi/vec4 0, 0, 1;
    %store/vec4 v0x557c53205a40_0, 0, 1;
    %pushi/vec4 0, 0, 1;
    %store/vec4 v0x557c53205980_0, 0, 1;
    %pushi/vec4 0, 0, 1;
    %store/vec4 v0x557c5312e250_0, 0, 1;
    %pushi/vec4 1, 0, 1;
    %store/vec4 v0x557c53205e00_0, 0, 1;
    %pushi/vec4 0, 0, 1;
    %store/vec4 v0x557c53206040_0, 0, 1;
    %pushi/vec4 0, 0, 1;
    %store/vec4 v0x557c53205c80_0, 0, 1;
    %pushi/vec4 0, 0, 1;
    %store/vec4 v0x557c53205410_0, 0, 1;
    %pushi/vec4 0, 0, 1;
    %store/vec4 v0x557c53206100_0, 0, 1;
    %pushi/vec4 0, 0, 1;
    %store/vec4 v0x557c53205b00_0, 0, 1;
    %pushi/vec4 0, 0, 1;
    %store/vec4 v0x557c53205800_0, 0, 1;
    %pushi/vec4 0, 0, 1;
    %store/vec4 v0x557c532061c0_0, 0, 1;
    %pushi/vec4 0, 0, 1;
    %store/vec4 v0x557c53205bc0_0, 0, 1;
    %pushi/vec4 0, 0, 1;
    %store/vec4 v0x557c532054d0_0, 0, 1;
    %pushi/vec4 1, 0, 1;
    %store/vec4 v0x557c53206280_0, 0, 1;
    %pushi/vec4 0, 0, 1;
    %store/vec4 v0x557c53205ec0_0, 0, 1;
    %pushi/vec4 0, 0, 1;
    %store/vec4 v0x557c53205f80_0, 0, 1;
    %pushi/vec4 0, 0, 1;
    %store/vec4 v0x557c53205570_0, 0, 1;
    %pushi/vec4 0, 0, 1;
    %store/vec4 v0x557c53205740_0, 0, 1;
    %jmp T_0.25;
T_0.25 ;
    %pop/vec4 1;
    %jmp T_0.3;
T_0.2 ;
    %load/vec4 v0x557c53206420_0;
    %cmpi/e 1, 0, 6;
    %jmp/0xz  T_0.26, 4;
    %load/vec4 v0x557c53206500_0;
    %dup/vec4;
    %pushi/vec4 1, 0, 5;
    %cmp/x;
    %jmp/1 T_0.28, 4;
    %dup/vec4;
    %pushi/vec4 17, 0, 5;
    %cmp/x;
    %jmp/1 T_0.29, 4;
    %dup/vec4;
    %pushi/vec4 0, 0, 5;
    %cmp/x;
    %jmp/1 T_0.30, 4;
    %dup/vec4;
    %pushi/vec4 16, 0, 5;
    %cmp/x;
    %jmp/1 T_0.31, 4;
    %jmp T_0.32;
T_0.28 ;
    %pushi/vec4 0, 0, 1;
    %store/vec4 v0x557c53205d40_0, 0, 1;
    %pushi/vec4 0, 0, 1;
    %store/vec4 v0x557c532058c0_0, 0, 1;
    %pushi/vec4 0, 0, 1;
    %store/vec4 v0x557c53205a40_0, 0, 1;
    %pushi/vec4 0, 0, 1;
    %store/vec4 v0x557c53205980_0, 0, 1;
    %pushi/vec4 1, 0, 1;
    %store/vec4 v0x557c5312e250_0, 0, 1;
    %load/vec4 v0x557c53205630_0;
    %store/vec4 v0x557c53205e00_0, 0, 1;
    %pushi/vec4 0, 0, 1;
    %store/vec4 v0x557c53206040_0, 0, 1;
    %pushi/vec4 0, 0, 1;
    %store/vec4 v0x557c53205c80_0, 0, 1;
    %pushi/vec4 0, 0, 1;
    %store/vec4 v0x557c53205410_0, 0, 1;
    %pushi/vec4 1, 0, 1;
    %store/vec4 v0x557c53206100_0, 0, 1;
    %pushi/vec4 0, 0, 1;
    %store/vec4 v0x557c53205b00_0, 0, 1;
    %pushi/vec4 0, 0, 1;
    %store/vec4 v0x557c53205800_0, 0, 1;
    %pushi/vec4 0, 0, 1;
    %store/vec4 v0x557c532061c0_0, 0, 1;
    %pushi/vec4 0, 0, 1;
    %store/vec4 v0x557c53205bc0_0, 0, 1;
    %pushi/vec4 0, 0, 1;
    %store/vec4 v0x557c532054d0_0, 0, 1;
    %pushi/vec4 0, 0, 1;
    %store/vec4 v0x557c53206280_0, 0, 1;
    %pushi/vec4 0, 0, 1;
    %store/vec4 v0x557c53205ec0_0, 0, 1;
    %pushi/vec4 0, 0, 1;
    %store/vec4 v0x557c53205f80_0, 0, 1;
    %pushi/vec4 0, 0, 1;
    %store/vec4 v0x557c53205570_0, 0, 1;
    %pushi/vec4 0, 0, 1;
    %store/vec4 v0x557c53205740_0, 0, 1;
    %jmp T_0.32;
T_0.29 ;
    %pushi/vec4 0, 0, 1;
    %store/vec4 v0x557c53205d40_0, 0, 1;
    %pushi/vec4 0, 0, 1;
    %store/vec4 v0x557c532058c0_0, 0, 1;
    %pushi/vec4 0, 0, 1;
    %store/vec4 v0x557c53205a40_0, 0, 1;
    %pushi/vec4 0, 0, 1;
    %store/vec4 v0x557c53205980_0, 0, 1;
    %pushi/vec4 1, 0, 1;
    %store/vec4 v0x557c5312e250_0, 0, 1;
    %load/vec4 v0x557c53205630_0;
    %store/vec4 v0x557c53205e00_0, 0, 1;
    %pushi/vec4 0, 0, 1;
    %store/vec4 v0x557c53206040_0, 0, 1;
    %pushi/vec4 1, 0, 1;
    %store/vec4 v0x557c53205c80_0, 0, 1;
    %pushi/vec4 0, 0, 1;
    %store/vec4 v0x557c53205410_0, 0, 1;
    %pushi/vec4 1, 0, 1;
    %store/vec4 v0x557c53206100_0, 0, 1;
    %pushi/vec4 0, 0, 1;
    %store/vec4 v0x557c53205b00_0, 0, 1;
    %pushi/vec4 0, 0, 1;
    %store/vec4 v0x557c53205800_0, 0, 1;
    %pushi/vec4 0, 0, 1;
    %store/vec4 v0x557c532061c0_0, 0, 1;
    %pushi/vec4 0, 0, 1;
    %store/vec4 v0x557c53205bc0_0, 0, 1;
    %pushi/vec4 0, 0, 1;
    %store/vec4 v0x557c532054d0_0, 0, 1;
    %pushi/vec4 0, 0, 1;
    %store/vec4 v0x557c53206280_0, 0, 1;
    %pushi/vec4 0, 0, 1;
    %store/vec4 v0x557c53205ec0_0, 0, 1;
    %pushi/vec4 0, 0, 1;
    %store/vec4 v0x557c53205f80_0, 0, 1;
    %pushi/vec4 0, 0, 1;
    %store/vec4 v0x557c53205570_0, 0, 1;
    %pushi/vec4 0, 0, 1;
    %store/vec4 v0x557c53205740_0, 0, 1;
    %jmp T_0.32;
T_0.30 ;
    %pushi/vec4 0, 0, 1;
    %store/vec4 v0x557c53205d40_0, 0, 1;
    %pushi/vec4 0, 0, 1;
    %store/vec4 v0x557c532058c0_0, 0, 1;
    %pushi/vec4 0, 0, 1;
    %store/vec4 v0x557c53205a40_0, 0, 1;
    %pushi/vec4 0, 0, 1;
    %store/vec4 v0x557c53205980_0, 0, 1;
    %pushi/vec4 1, 0, 1;
    %store/vec4 v0x557c5312e250_0, 0, 1;
    %load/vec4 v0x557c53205630_0;
    %store/vec4 v0x557c53205e00_0, 0, 1;
    %pushi/vec4 0, 0, 1;
    %store/vec4 v0x557c53206040_0, 0, 1;
    %pushi/vec4 0, 0, 1;
    %store/vec4 v0x557c53205c80_0, 0, 1;
    %pushi/vec4 0, 0, 1;
    %store/vec4 v0x557c53205410_0, 0, 1;
    %pushi/vec4 1, 0, 1;
    %store/vec4 v0x557c53206100_0, 0, 1;
    %pushi/vec4 0, 0, 1;
    %store/vec4 v0x557c53205b00_0, 0, 1;
    %pushi/vec4 0, 0, 1;
    %store/vec4 v0x557c53205800_0, 0, 1;
    %pushi/vec4 0, 0, 1;
    %store/vec4 v0x557c532061c0_0, 0, 1;
    %pushi/vec4 0, 0, 1;
    %store/vec4 v0x557c53205bc0_0, 0, 1;
    %pushi/vec4 0, 0, 1;
    %store/vec4 v0x557c532054d0_0, 0, 1;
    %pushi/vec4 0, 0, 1;
    %store/vec4 v0x557c53206280_0, 0, 1;
    %pushi/vec4 0, 0, 1;
    %store/vec4 v0x557c53205ec0_0, 0, 1;
    %pushi/vec4 0, 0, 1;
    %store/vec4 v0x557c53205f80_0, 0, 1;
    %pushi/vec4 0, 0, 1;
    %store/vec4 v0x557c53205570_0, 0, 1;
    %pushi/vec4 0, 0, 1;
    %store/vec4 v0x557c53205740_0, 0, 1;
    %jmp T_0.32;
T_0.31 ;
    %pushi/vec4 0, 0, 1;
    %store/vec4 v0x557c53205d40_0, 0, 1;
    %pushi/vec4 0, 0, 1;
    %store/vec4 v0x557c532058c0_0, 0, 1;
    %pushi/vec4 0, 0, 1;
    %store/vec4 v0x557c53205a40_0, 0, 1;
    %pushi/vec4 0, 0, 1;
    %store/vec4 v0x557c53205980_0, 0, 1;
    %pushi/vec4 1, 0, 1;
    %store/vec4 v0x557c5312e250_0, 0, 1;
    %load/vec4 v0x557c53205630_0;
    %store/vec4 v0x557c53205e00_0, 0, 1;
    %pushi/vec4 0, 0, 1;
    %store/vec4 v0x557c53206040_0, 0, 1;
    %pushi/vec4 1, 0, 1;
    %store/vec4 v0x557c53205c80_0, 0, 1;
    %pushi/vec4 0, 0, 1;
    %store/vec4 v0x557c53205410_0, 0, 1;
    %pushi/vec4 1, 0, 1;
    %store/vec4 v0x557c53206100_0, 0, 1;
    %pushi/vec4 0, 0, 1;
    %store/vec4 v0x557c53205b00_0, 0, 1;
    %pushi/vec4 0, 0, 1;
    %store/vec4 v0x557c53205800_0, 0, 1;
    %pushi/vec4 0, 0, 1;
    %store/vec4 v0x557c532061c0_0, 0, 1;
    %pushi/vec4 0, 0, 1;
    %store/vec4 v0x557c53205bc0_0, 0, 1;
    %pushi/vec4 0, 0, 1;
    %store/vec4 v0x557c532054d0_0, 0, 1;
    %pushi/vec4 0, 0, 1;
    %store/vec4 v0x557c53206280_0, 0, 1;
    %pushi/vec4 0, 0, 1;
    %store/vec4 v0x557c53205ec0_0, 0, 1;
    %pushi/vec4 0, 0, 1;
    %store/vec4 v0x557c53205f80_0, 0, 1;
    %pushi/vec4 0, 0, 1;
    %store/vec4 v0x557c53205570_0, 0, 1;
    %pushi/vec4 0, 0, 1;
    %store/vec4 v0x557c53205740_0, 0, 1;
    %jmp T_0.32;
T_0.32 ;
    %pop/vec4 1;
    %jmp T_0.27;
T_0.26 ;
    %load/vec4 v0x557c53206420_0;
    %dup/vec4;
    %pushi/vec4 2, 0, 6;
    %cmp/x;
    %jmp/1 T_0.33, 4;
    %dup/vec4;
    %pushi/vec4 3, 0, 6;
    %cmp/x;
    %jmp/1 T_0.34, 4;
    %dup/vec4;
    %pushi/vec4 4, 0, 6;
    %cmp/x;
    %jmp/1 T_0.35, 4;
    %dup/vec4;
    %pushi/vec4 5, 0, 6;
    %cmp/x;
    %jmp/1 T_0.36, 4;
    %dup/vec4;
    %pushi/vec4 6, 0, 6;
    %cmp/x;
    %jmp/1 T_0.37, 4;
    %dup/vec4;
    %pushi/vec4 7, 0, 6;
    %cmp/x;
    %jmp/1 T_0.38, 4;
    %dup/vec4;
    %pushi/vec4 9, 0, 6;
    %cmp/x;
    %jmp/1 T_0.39, 4;
    %dup/vec4;
    %pushi/vec4 10, 0, 6;
    %cmp/x;
    %jmp/1 T_0.40, 4;
    %dup/vec4;
    %pushi/vec4 11, 0, 6;
    %cmp/x;
    %jmp/1 T_0.41, 4;
    %dup/vec4;
    %pushi/vec4 12, 0, 6;
    %cmp/x;
    %jmp/1 T_0.42, 4;
    %dup/vec4;
    %pushi/vec4 13, 0, 6;
    %cmp/x;
    %jmp/1 T_0.43, 4;
    %dup/vec4;
    %pushi/vec4 14, 0, 6;
    %cmp/x;
    %jmp/1 T_0.44, 4;
    %dup/vec4;
    %pushi/vec4 15, 0, 6;
    %cmp/x;
    %jmp/1 T_0.45, 4;
    %dup/vec4;
    %pushi/vec4 35, 0, 6;
    %cmp/x;
    %jmp/1 T_0.46, 4;
    %dup/vec4;
    %pushi/vec4 43, 0, 6;
    %cmp/x;
    %jmp/1 T_0.47, 4;
    %pushi/vec4 1, 1, 1;
    %store/vec4 v0x557c53205d40_0, 0, 1;
    %pushi/vec4 1, 1, 1;
    %store/vec4 v0x557c532058c0_0, 0, 1;
    %pushi/vec4 1, 1, 1;
    %store/vec4 v0x557c53205a40_0, 0, 1;
    %pushi/vec4 1, 1, 1;
    %store/vec4 v0x557c53205980_0, 0, 1;
    %pushi/vec4 1, 1, 1;
    %store/vec4 v0x557c5312e250_0, 0, 1;
    %pushi/vec4 1, 1, 1;
    %store/vec4 v0x557c53205e00_0, 0, 1;
    %pushi/vec4 1, 1, 1;
    %store/vec4 v0x557c53206040_0, 0, 1;
    %pushi/vec4 1, 1, 1;
    %store/vec4 v0x557c53205c80_0, 0, 1;
    %pushi/vec4 1, 1, 1;
    %store/vec4 v0x557c53205410_0, 0, 1;
    %pushi/vec4 1, 1, 1;
    %store/vec4 v0x557c53206100_0, 0, 1;
    %pushi/vec4 1, 1, 1;
    %store/vec4 v0x557c53205b00_0, 0, 1;
    %pushi/vec4 1, 1, 1;
    %store/vec4 v0x557c53205800_0, 0, 1;
    %pushi/vec4 1, 1, 1;
    %store/vec4 v0x557c532061c0_0, 0, 1;
    %pushi/vec4 1, 1, 1;
    %store/vec4 v0x557c53205bc0_0, 0, 1;
    %pushi/vec4 1, 1, 1;
    %store/vec4 v0x557c532054d0_0, 0, 1;
    %pushi/vec4 1, 1, 1;
    %store/vec4 v0x557c53206280_0, 0, 1;
    %pushi/vec4 1, 1, 1;
    %store/vec4 v0x557c53205ec0_0, 0, 1;
    %pushi/vec4 1, 1, 1;
    %store/vec4 v0x557c53205f80_0, 0, 1;
    %pushi/vec4 1, 1, 1;
    %store/vec4 v0x557c53205570_0, 0, 1;
    %pushi/vec4 1, 1, 1;
    %store/vec4 v0x557c53205740_0, 0, 1;
    %jmp T_0.49;
T_0.33 ;
    %pushi/vec4 0, 0, 1;
    %store/vec4 v0x557c53205d40_0, 0, 1;
    %pushi/vec4 0, 0, 1;
    %store/vec4 v0x557c532058c0_0, 0, 1;
    %pushi/vec4 0, 0, 1;
    %store/vec4 v0x557c53205a40_0, 0, 1;
    %pushi/vec4 0, 0, 1;
    %store/vec4 v0x557c53205980_0, 0, 1;
    %pushi/vec4 0, 0, 1;
    %store/vec4 v0x557c5312e250_0, 0, 1;
    %load/vec4 v0x557c53205630_0;
    %store/vec4 v0x557c53205e00_0, 0, 1;
    %pushi/vec4 0, 0, 1;
    %store/vec4 v0x557c53206040_0, 0, 1;
    %pushi/vec4 0, 0, 1;
    %store/vec4 v0x557c53205c80_0, 0, 1;
    %pushi/vec4 0, 0, 1;
    %store/vec4 v0x557c53205410_0, 0, 1;
    %pushi/vec4 0, 0, 1;
    %store/vec4 v0x557c53206100_0, 0, 1;
    %pushi/vec4 0, 0, 1;
    %store/vec4 v0x557c53205b00_0, 0, 1;
    %pushi/vec4 0, 0, 1;
    %store/vec4 v0x557c53205800_0, 0, 1;
    %pushi/vec4 0, 0, 1;
    %store/vec4 v0x557c532061c0_0, 0, 1;
    %pushi/vec4 0, 0, 1;
    %store/vec4 v0x557c53205bc0_0, 0, 1;
    %pushi/vec4 0, 0, 1;
    %store/vec4 v0x557c532054d0_0, 0, 1;
    %pushi/vec4 0, 0, 1;
    %store/vec4 v0x557c53206280_0, 0, 1;
    %pushi/vec4 0, 0, 1;
    %store/vec4 v0x557c53205ec0_0, 0, 1;
    %pushi/vec4 0, 0, 1;
    %store/vec4 v0x557c53205f80_0, 0, 1;
    %pushi/vec4 0, 0, 1;
    %store/vec4 v0x557c53205570_0, 0, 1;
    %pushi/vec4 0, 0, 1;
    %store/vec4 v0x557c53205740_0, 0, 1;
    %jmp T_0.49;
T_0.34 ;
    %pushi/vec4 0, 0, 1;
    %store/vec4 v0x557c53205d40_0, 0, 1;
    %pushi/vec4 0, 0, 1;
    %store/vec4 v0x557c532058c0_0, 0, 1;
    %pushi/vec4 0, 0, 1;
    %store/vec4 v0x557c53205a40_0, 0, 1;
    %pushi/vec4 0, 0, 1;
    %store/vec4 v0x557c53205980_0, 0, 1;
    %pushi/vec4 0, 0, 1;
    %store/vec4 v0x557c5312e250_0, 0, 1;
    %load/vec4 v0x557c53205630_0;
    %store/vec4 v0x557c53205e00_0, 0, 1;
    %pushi/vec4 0, 0, 1;
    %store/vec4 v0x557c53206040_0, 0, 1;
    %pushi/vec4 1, 0, 1;
    %store/vec4 v0x557c53205c80_0, 0, 1;
    %pushi/vec4 0, 0, 1;
    %store/vec4 v0x557c53205410_0, 0, 1;
    %pushi/vec4 0, 0, 1;
    %store/vec4 v0x557c53206100_0, 0, 1;
    %pushi/vec4 0, 0, 1;
    %store/vec4 v0x557c53205b00_0, 0, 1;
    %pushi/vec4 0, 0, 1;
    %store/vec4 v0x557c53205800_0, 0, 1;
    %pushi/vec4 0, 0, 1;
    %store/vec4 v0x557c532061c0_0, 0, 1;
    %pushi/vec4 0, 0, 1;
    %store/vec4 v0x557c53205bc0_0, 0, 1;
    %pushi/vec4 0, 0, 1;
    %store/vec4 v0x557c532054d0_0, 0, 1;
    %pushi/vec4 0, 0, 1;
    %store/vec4 v0x557c53206280_0, 0, 1;
    %pushi/vec4 0, 0, 1;
    %store/vec4 v0x557c53205ec0_0, 0, 1;
    %pushi/vec4 0, 0, 1;
    %store/vec4 v0x557c53205f80_0, 0, 1;
    %pushi/vec4 0, 0, 1;
    %store/vec4 v0x557c53205570_0, 0, 1;
    %pushi/vec4 0, 0, 1;
    %store/vec4 v0x557c53205740_0, 0, 1;
    %jmp T_0.49;
T_0.35 ;
    %pushi/vec4 0, 0, 1;
    %store/vec4 v0x557c53205d40_0, 0, 1;
    %pushi/vec4 0, 0, 1;
    %store/vec4 v0x557c532058c0_0, 0, 1;
    %pushi/vec4 0, 0, 1;
    %store/vec4 v0x557c53205a40_0, 0, 1;
    %pushi/vec4 0, 0, 1;
    %store/vec4 v0x557c53205980_0, 0, 1;
    %pushi/vec4 1, 0, 1;
    %store/vec4 v0x557c5312e250_0, 0, 1;
    %load/vec4 v0x557c53205630_0;
    %store/vec4 v0x557c53205e00_0, 0, 1;
    %pushi/vec4 0, 0, 1;
    %store/vec4 v0x557c53206040_0, 0, 1;
    %pushi/vec4 0, 0, 1;
    %store/vec4 v0x557c53205c80_0, 0, 1;
    %pushi/vec4 0, 0, 1;
    %store/vec4 v0x557c53205410_0, 0, 1;
    %pushi/vec4 1, 0, 1;
    %store/vec4 v0x557c53206100_0, 0, 1;
    %pushi/vec4 0, 0, 1;
    %store/vec4 v0x557c53205b00_0, 0, 1;
    %pushi/vec4 0, 0, 1;
    %store/vec4 v0x557c53205800_0, 0, 1;
    %pushi/vec4 0, 0, 1;
    %store/vec4 v0x557c532061c0_0, 0, 1;
    %pushi/vec4 0, 0, 1;
    %store/vec4 v0x557c53205bc0_0, 0, 1;
    %pushi/vec4 0, 0, 1;
    %store/vec4 v0x557c532054d0_0, 0, 1;
    %pushi/vec4 0, 0, 1;
    %store/vec4 v0x557c53206280_0, 0, 1;
    %pushi/vec4 0, 0, 1;
    %store/vec4 v0x557c53205ec0_0, 0, 1;
    %pushi/vec4 0, 0, 1;
    %store/vec4 v0x557c53205f80_0, 0, 1;
    %pushi/vec4 0, 0, 1;
    %store/vec4 v0x557c53205570_0, 0, 1;
    %pushi/vec4 0, 0, 1;
    %store/vec4 v0x557c53205740_0, 0, 1;
    %jmp T_0.49;
T_0.36 ;
    %pushi/vec4 0, 0, 1;
    %store/vec4 v0x557c53205d40_0, 0, 1;
    %pushi/vec4 0, 0, 1;
    %store/vec4 v0x557c532058c0_0, 0, 1;
    %pushi/vec4 0, 0, 1;
    %store/vec4 v0x557c53205a40_0, 0, 1;
    %pushi/vec4 0, 0, 1;
    %store/vec4 v0x557c53205980_0, 0, 1;
    %pushi/vec4 1, 0, 1;
    %store/vec4 v0x557c5312e250_0, 0, 1;
    %load/vec4 v0x557c53205630_0;
    %store/vec4 v0x557c53205e00_0, 0, 1;
    %pushi/vec4 0, 0, 1;
    %store/vec4 v0x557c53206040_0, 0, 1;
    %pushi/vec4 0, 0, 1;
    %store/vec4 v0x557c53205c80_0, 0, 1;
    %pushi/vec4 0, 0, 1;
    %store/vec4 v0x557c53205410_0, 0, 1;
    %pushi/vec4 1, 0, 1;
    %store/vec4 v0x557c53206100_0, 0, 1;
    %pushi/vec4 0, 0, 1;
    %store/vec4 v0x557c53205b00_0, 0, 1;
    %pushi/vec4 0, 0, 1;
    %store/vec4 v0x557c53205800_0, 0, 1;
    %pushi/vec4 0, 0, 1;
    %store/vec4 v0x557c532061c0_0, 0, 1;
    %pushi/vec4 0, 0, 1;
    %store/vec4 v0x557c53205bc0_0, 0, 1;
    %pushi/vec4 0, 0, 1;
    %store/vec4 v0x557c532054d0_0, 0, 1;
    %pushi/vec4 0, 0, 1;
    %store/vec4 v0x557c53206280_0, 0, 1;
    %pushi/vec4 0, 0, 1;
    %store/vec4 v0x557c53205ec0_0, 0, 1;
    %pushi/vec4 0, 0, 1;
    %store/vec4 v0x557c53205f80_0, 0, 1;
    %pushi/vec4 0, 0, 1;
    %store/vec4 v0x557c53205570_0, 0, 1;
    %pushi/vec4 0, 0, 1;
    %store/vec4 v0x557c53205740_0, 0, 1;
    %jmp T_0.49;
T_0.37 ;
    %pushi/vec4 0, 0, 1;
    %store/vec4 v0x557c53205d40_0, 0, 1;
    %pushi/vec4 0, 0, 1;
    %store/vec4 v0x557c532058c0_0, 0, 1;
    %pushi/vec4 0, 0, 1;
    %store/vec4 v0x557c53205a40_0, 0, 1;
    %pushi/vec4 0, 0, 1;
    %store/vec4 v0x557c53205980_0, 0, 1;
    %pushi/vec4 1, 0, 1;
    %store/vec4 v0x557c5312e250_0, 0, 1;
    %load/vec4 v0x557c53205630_0;
    %store/vec4 v0x557c53205e00_0, 0, 1;
    %pushi/vec4 0, 0, 1;
    %store/vec4 v0x557c53206040_0, 0, 1;
    %pushi/vec4 0, 0, 1;
    %store/vec4 v0x557c53205c80_0, 0, 1;
    %pushi/vec4 0, 0, 1;
    %store/vec4 v0x557c53205410_0, 0, 1;
    %pushi/vec4 1, 0, 1;
    %store/vec4 v0x557c53206100_0, 0, 1;
    %pushi/vec4 0, 0, 1;
    %store/vec4 v0x557c53205b00_0, 0, 1;
    %pushi/vec4 0, 0, 1;
    %store/vec4 v0x557c53205800_0, 0, 1;
    %pushi/vec4 0, 0, 1;
    %store/vec4 v0x557c532061c0_0, 0, 1;
    %pushi/vec4 0, 0, 1;
    %store/vec4 v0x557c53205bc0_0, 0, 1;
    %pushi/vec4 0, 0, 1;
    %store/vec4 v0x557c532054d0_0, 0, 1;
    %pushi/vec4 0, 0, 1;
    %store/vec4 v0x557c53206280_0, 0, 1;
    %pushi/vec4 0, 0, 1;
    %store/vec4 v0x557c53205ec0_0, 0, 1;
    %pushi/vec4 0, 0, 1;
    %store/vec4 v0x557c53205f80_0, 0, 1;
    %pushi/vec4 0, 0, 1;
    %store/vec4 v0x557c53205570_0, 0, 1;
    %pushi/vec4 0, 0, 1;
    %store/vec4 v0x557c53205740_0, 0, 1;
    %jmp T_0.49;
T_0.38 ;
    %pushi/vec4 0, 0, 1;
    %store/vec4 v0x557c53205d40_0, 0, 1;
    %pushi/vec4 0, 0, 1;
    %store/vec4 v0x557c532058c0_0, 0, 1;
    %pushi/vec4 0, 0, 1;
    %store/vec4 v0x557c53205a40_0, 0, 1;
    %pushi/vec4 0, 0, 1;
    %store/vec4 v0x557c53205980_0, 0, 1;
    %pushi/vec4 1, 0, 1;
    %store/vec4 v0x557c5312e250_0, 0, 1;
    %load/vec4 v0x557c53205630_0;
    %store/vec4 v0x557c53205e00_0, 0, 1;
    %pushi/vec4 0, 0, 1;
    %store/vec4 v0x557c53206040_0, 0, 1;
    %pushi/vec4 0, 0, 1;
    %store/vec4 v0x557c53205c80_0, 0, 1;
    %pushi/vec4 0, 0, 1;
    %store/vec4 v0x557c53205410_0, 0, 1;
    %pushi/vec4 1, 0, 1;
    %store/vec4 v0x557c53206100_0, 0, 1;
    %pushi/vec4 0, 0, 1;
    %store/vec4 v0x557c53205b00_0, 0, 1;
    %pushi/vec4 0, 0, 1;
    %store/vec4 v0x557c53205800_0, 0, 1;
    %pushi/vec4 0, 0, 1;
    %store/vec4 v0x557c532061c0_0, 0, 1;
    %pushi/vec4 0, 0, 1;
    %store/vec4 v0x557c53205bc0_0, 0, 1;
    %pushi/vec4 0, 0, 1;
    %store/vec4 v0x557c532054d0_0, 0, 1;
    %pushi/vec4 0, 0, 1;
    %store/vec4 v0x557c53206280_0, 0, 1;
    %pushi/vec4 0, 0, 1;
    %store/vec4 v0x557c53205ec0_0, 0, 1;
    %pushi/vec4 0, 0, 1;
    %store/vec4 v0x557c53205f80_0, 0, 1;
    %pushi/vec4 0, 0, 1;
    %store/vec4 v0x557c53205570_0, 0, 1;
    %pushi/vec4 0, 0, 1;
    %store/vec4 v0x557c53205740_0, 0, 1;
    %jmp T_0.49;
T_0.39 ;
    %pushi/vec4 0, 0, 1;
    %store/vec4 v0x557c53205d40_0, 0, 1;
    %pushi/vec4 0, 0, 1;
    %store/vec4 v0x557c532058c0_0, 0, 1;
    %pushi/vec4 0, 0, 1;
    %store/vec4 v0x557c53205a40_0, 0, 1;
    %pushi/vec4 0, 0, 1;
    %store/vec4 v0x557c53205980_0, 0, 1;
    %pushi/vec4 1, 0, 1;
    %store/vec4 v0x557c5312e250_0, 0, 1;
    %pushi/vec4 1, 0, 1;
    %store/vec4 v0x557c53205e00_0, 0, 1;
    %pushi/vec4 0, 0, 1;
    %store/vec4 v0x557c53206040_0, 0, 1;
    %pushi/vec4 0, 0, 1;
    %store/vec4 v0x557c53205c80_0, 0, 1;
    %pushi/vec4 1, 0, 1;
    %store/vec4 v0x557c53205410_0, 0, 1;
    %pushi/vec4 0, 0, 1;
    %store/vec4 v0x557c53206100_0, 0, 1;
    %pushi/vec4 0, 0, 1;
    %store/vec4 v0x557c53205b00_0, 0, 1;
    %pushi/vec4 0, 0, 1;
    %store/vec4 v0x557c53205800_0, 0, 1;
    %pushi/vec4 1, 0, 1;
    %store/vec4 v0x557c532061c0_0, 0, 1;
    %pushi/vec4 0, 0, 1;
    %store/vec4 v0x557c53205bc0_0, 0, 1;
    %pushi/vec4 0, 0, 1;
    %store/vec4 v0x557c532054d0_0, 0, 1;
    %pushi/vec4 0, 0, 1;
    %store/vec4 v0x557c53206280_0, 0, 1;
    %pushi/vec4 0, 0, 1;
    %store/vec4 v0x557c53205ec0_0, 0, 1;
    %pushi/vec4 0, 0, 1;
    %store/vec4 v0x557c53205f80_0, 0, 1;
    %pushi/vec4 0, 0, 1;
    %store/vec4 v0x557c53205570_0, 0, 1;
    %pushi/vec4 0, 0, 1;
    %store/vec4 v0x557c53205740_0, 0, 1;
    %jmp T_0.49;
T_0.40 ;
    %pushi/vec4 0, 0, 1;
    %store/vec4 v0x557c53205d40_0, 0, 1;
    %pushi/vec4 0, 0, 1;
    %store/vec4 v0x557c532058c0_0, 0, 1;
    %pushi/vec4 0, 0, 1;
    %store/vec4 v0x557c53205a40_0, 0, 1;
    %pushi/vec4 0, 0, 1;
    %store/vec4 v0x557c53205980_0, 0, 1;
    %pushi/vec4 1, 0, 1;
    %store/vec4 v0x557c5312e250_0, 0, 1;
    %pushi/vec4 1, 0, 1;
    %store/vec4 v0x557c53205e00_0, 0, 1;
    %pushi/vec4 0, 0, 1;
    %store/vec4 v0x557c53206040_0, 0, 1;
    %pushi/vec4 0, 0, 1;
    %store/vec4 v0x557c53205c80_0, 0, 1;
    %pushi/vec4 0, 0, 1;
    %store/vec4 v0x557c53205410_0, 0, 1;
    %pushi/vec4 1, 0, 1;
    %store/vec4 v0x557c53206100_0, 0, 1;
    %pushi/vec4 0, 0, 1;
    %store/vec4 v0x557c53205b00_0, 0, 1;
    %pushi/vec4 0, 0, 1;
    %store/vec4 v0x557c53205800_0, 0, 1;
    %pushi/vec4 0, 0, 1;
    %store/vec4 v0x557c532061c0_0, 0, 1;
    %pushi/vec4 0, 0, 1;
    %store/vec4 v0x557c53205bc0_0, 0, 1;
    %pushi/vec4 0, 0, 1;
    %store/vec4 v0x557c532054d0_0, 0, 1;
    %pushi/vec4 0, 0, 1;
    %store/vec4 v0x557c53206280_0, 0, 1;
    %pushi/vec4 0, 0, 1;
    %store/vec4 v0x557c53205ec0_0, 0, 1;
    %pushi/vec4 0, 0, 1;
    %store/vec4 v0x557c53205f80_0, 0, 1;
    %pushi/vec4 0, 0, 1;
    %store/vec4 v0x557c53205570_0, 0, 1;
    %pushi/vec4 1, 0, 1;
    %store/vec4 v0x557c53205740_0, 0, 1;
    %jmp T_0.49;
T_0.41 ;
    %pushi/vec4 0, 0, 1;
    %store/vec4 v0x557c53205d40_0, 0, 1;
    %pushi/vec4 0, 0, 1;
    %store/vec4 v0x557c532058c0_0, 0, 1;
    %pushi/vec4 0, 0, 1;
    %store/vec4 v0x557c53205a40_0, 0, 1;
    %pushi/vec4 0, 0, 1;
    %store/vec4 v0x557c53205980_0, 0, 1;
    %pushi/vec4 1, 0, 1;
    %store/vec4 v0x557c5312e250_0, 0, 1;
    %pushi/vec4 1, 0, 1;
    %store/vec4 v0x557c53205e00_0, 0, 1;
    %pushi/vec4 0, 0, 1;
    %store/vec4 v0x557c53206040_0, 0, 1;
    %pushi/vec4 0, 0, 1;
    %store/vec4 v0x557c53205c80_0, 0, 1;
    %pushi/vec4 0, 0, 1;
    %store/vec4 v0x557c53205410_0, 0, 1;
    %pushi/vec4 1, 0, 1;
    %store/vec4 v0x557c53206100_0, 0, 1;
    %pushi/vec4 0, 0, 1;
    %store/vec4 v0x557c53205b00_0, 0, 1;
    %pushi/vec4 0, 0, 1;
    %store/vec4 v0x557c53205800_0, 0, 1;
    %pushi/vec4 1, 0, 1;
    %store/vec4 v0x557c532061c0_0, 0, 1;
    %pushi/vec4 0, 0, 1;
    %store/vec4 v0x557c53205bc0_0, 0, 1;
    %pushi/vec4 0, 0, 1;
    %store/vec4 v0x557c532054d0_0, 0, 1;
    %pushi/vec4 0, 0, 1;
    %store/vec4 v0x557c53206280_0, 0, 1;
    %pushi/vec4 0, 0, 1;
    %store/vec4 v0x557c53205ec0_0, 0, 1;
    %pushi/vec4 0, 0, 1;
    %store/vec4 v0x557c53205f80_0, 0, 1;
    %pushi/vec4 0, 0, 1;
    %store/vec4 v0x557c53205570_0, 0, 1;
    %pushi/vec4 1, 0, 1;
    %store/vec4 v0x557c53205740_0, 0, 1;
    %jmp T_0.49;
T_0.42 ;
    %pushi/vec4 0, 0, 1;
    %store/vec4 v0x557c53205d40_0, 0, 1;
    %pushi/vec4 0, 0, 1;
    %store/vec4 v0x557c532058c0_0, 0, 1;
    %pushi/vec4 0, 0, 1;
    %store/vec4 v0x557c53205a40_0, 0, 1;
    %pushi/vec4 0, 0, 1;
    %store/vec4 v0x557c53205980_0, 0, 1;
    %pushi/vec4 1, 0, 1;
    %store/vec4 v0x557c5312e250_0, 0, 1;
    %pushi/vec4 1, 0, 1;
    %store/vec4 v0x557c53205e00_0, 0, 1;
    %pushi/vec4 0, 0, 1;
    %store/vec4 v0x557c53206040_0, 0, 1;
    %pushi/vec4 0, 0, 1;
    %store/vec4 v0x557c53205c80_0, 0, 1;
    %pushi/vec4 0, 0, 1;
    %store/vec4 v0x557c53205410_0, 0, 1;
    %pushi/vec4 0, 0, 1;
    %store/vec4 v0x557c53206100_0, 0, 1;
    %pushi/vec4 0, 0, 1;
    %store/vec4 v0x557c53205b00_0, 0, 1;
    %pushi/vec4 0, 0, 1;
    %store/vec4 v0x557c53205800_0, 0, 1;
    %pushi/vec4 0, 0, 1;
    %store/vec4 v0x557c532061c0_0, 0, 1;
    %pushi/vec4 0, 0, 1;
    %store/vec4 v0x557c53205bc0_0, 0, 1;
    %pushi/vec4 1, 0, 1;
    %store/vec4 v0x557c532054d0_0, 0, 1;
    %pushi/vec4 0, 0, 1;
    %store/vec4 v0x557c53206280_0, 0, 1;
    %pushi/vec4 0, 0, 1;
    %store/vec4 v0x557c53205ec0_0, 0, 1;
    %pushi/vec4 0, 0, 1;
    %store/vec4 v0x557c53205f80_0, 0, 1;
    %pushi/vec4 0, 0, 1;
    %store/vec4 v0x557c53205570_0, 0, 1;
    %pushi/vec4 0, 0, 1;
    %store/vec4 v0x557c53205740_0, 0, 1;
    %jmp T_0.49;
T_0.43 ;
    %pushi/vec4 0, 0, 1;
    %store/vec4 v0x557c53205d40_0, 0, 1;
    %pushi/vec4 0, 0, 1;
    %store/vec4 v0x557c532058c0_0, 0, 1;
    %pushi/vec4 0, 0, 1;
    %store/vec4 v0x557c53205a40_0, 0, 1;
    %pushi/vec4 0, 0, 1;
    %store/vec4 v0x557c53205980_0, 0, 1;
    %pushi/vec4 1, 0, 1;
    %store/vec4 v0x557c5312e250_0, 0, 1;
    %pushi/vec4 1, 0, 1;
    %store/vec4 v0x557c53205e00_0, 0, 1;
    %pushi/vec4 0, 0, 1;
    %store/vec4 v0x557c53206040_0, 0, 1;
    %pushi/vec4 0, 0, 1;
    %store/vec4 v0x557c53205c80_0, 0, 1;
    %pushi/vec4 0, 0, 1;
    %store/vec4 v0x557c53205410_0, 0, 1;
    %pushi/vec4 0, 0, 1;
    %store/vec4 v0x557c53206100_0, 0, 1;
    %pushi/vec4 0, 0, 1;
    %store/vec4 v0x557c53205b00_0, 0, 1;
    %pushi/vec4 0, 0, 1;
    %store/vec4 v0x557c53205800_0, 0, 1;
    %pushi/vec4 0, 0, 1;
    %store/vec4 v0x557c532061c0_0, 0, 1;
    %pushi/vec4 1, 0, 1;
    %store/vec4 v0x557c53205bc0_0, 0, 1;
    %pushi/vec4 0, 0, 1;
    %store/vec4 v0x557c532054d0_0, 0, 1;
    %pushi/vec4 0, 0, 1;
    %store/vec4 v0x557c53206280_0, 0, 1;
    %pushi/vec4 0, 0, 1;
    %store/vec4 v0x557c53205ec0_0, 0, 1;
    %pushi/vec4 0, 0, 1;
    %store/vec4 v0x557c53205f80_0, 0, 1;
    %pushi/vec4 0, 0, 1;
    %store/vec4 v0x557c53205570_0, 0, 1;
    %pushi/vec4 0, 0, 1;
    %store/vec4 v0x557c53205740_0, 0, 1;
    %jmp T_0.49;
T_0.44 ;
    %pushi/vec4 0, 0, 1;
    %store/vec4 v0x557c53205d40_0, 0, 1;
    %pushi/vec4 0, 0, 1;
    %store/vec4 v0x557c532058c0_0, 0, 1;
    %pushi/vec4 0, 0, 1;
    %store/vec4 v0x557c53205a40_0, 0, 1;
    %pushi/vec4 0, 0, 1;
    %store/vec4 v0x557c53205980_0, 0, 1;
    %pushi/vec4 1, 0, 1;
    %store/vec4 v0x557c5312e250_0, 0, 1;
    %pushi/vec4 1, 0, 1;
    %store/vec4 v0x557c53205e00_0, 0, 1;
    %pushi/vec4 0, 0, 1;
    %store/vec4 v0x557c53206040_0, 0, 1;
    %pushi/vec4 0, 0, 1;
    %store/vec4 v0x557c53205c80_0, 0, 1;
    %pushi/vec4 0, 0, 1;
    %store/vec4 v0x557c53205410_0, 0, 1;
    %pushi/vec4 0, 0, 1;
    %store/vec4 v0x557c53206100_0, 0, 1;
    %pushi/vec4 0, 0, 1;
    %store/vec4 v0x557c53205b00_0, 0, 1;
    %pushi/vec4 0, 0, 1;
    %store/vec4 v0x557c53205800_0, 0, 1;
    %pushi/vec4 0, 0, 1;
    %store/vec4 v0x557c532061c0_0, 0, 1;
    %pushi/vec4 0, 0, 1;
    %store/vec4 v0x557c53205bc0_0, 0, 1;
    %pushi/vec4 0, 0, 1;
    %store/vec4 v0x557c532054d0_0, 0, 1;
    %pushi/vec4 1, 0, 1;
    %store/vec4 v0x557c53206280_0, 0, 1;
    %pushi/vec4 0, 0, 1;
    %store/vec4 v0x557c53205ec0_0, 0, 1;
    %pushi/vec4 0, 0, 1;
    %store/vec4 v0x557c53205f80_0, 0, 1;
    %pushi/vec4 0, 0, 1;
    %store/vec4 v0x557c53205570_0, 0, 1;
    %pushi/vec4 0, 0, 1;
    %store/vec4 v0x557c53205740_0, 0, 1;
    %jmp T_0.49;
T_0.45 ;
    %pushi/vec4 0, 0, 1;
    %store/vec4 v0x557c53205d40_0, 0, 1;
    %pushi/vec4 0, 0, 1;
    %store/vec4 v0x557c532058c0_0, 0, 1;
    %pushi/vec4 0, 0, 1;
    %store/vec4 v0x557c53205a40_0, 0, 1;
    %pushi/vec4 0, 0, 1;
    %store/vec4 v0x557c53205980_0, 0, 1;
    %pushi/vec4 1, 0, 1;
    %store/vec4 v0x557c5312e250_0, 0, 1;
    %pushi/vec4 1, 0, 1;
    %store/vec4 v0x557c53205e00_0, 0, 1;
    %pushi/vec4 0, 0, 1;
    %store/vec4 v0x557c53206040_0, 0, 1;
    %pushi/vec4 0, 0, 1;
    %store/vec4 v0x557c53205c80_0, 0, 1;
    %pushi/vec4 0, 0, 1;
    %store/vec4 v0x557c53205410_0, 0, 1;
    %pushi/vec4 0, 0, 1;
    %store/vec4 v0x557c53206100_0, 0, 1;
    %pushi/vec4 0, 0, 1;
    %store/vec4 v0x557c53205b00_0, 0, 1;
    %pushi/vec4 0, 0, 1;
    %store/vec4 v0x557c53205800_0, 0, 1;
    %pushi/vec4 0, 0, 1;
    %store/vec4 v0x557c532061c0_0, 0, 1;
    %pushi/vec4 0, 0, 1;
    %store/vec4 v0x557c53205bc0_0, 0, 1;
    %pushi/vec4 0, 0, 1;
    %store/vec4 v0x557c532054d0_0, 0, 1;
    %pushi/vec4 0, 0, 1;
    %store/vec4 v0x557c53206280_0, 0, 1;
    %pushi/vec4 1, 0, 1;
    %store/vec4 v0x557c53205ec0_0, 0, 1;
    %pushi/vec4 0, 0, 1;
    %store/vec4 v0x557c53205f80_0, 0, 1;
    %pushi/vec4 0, 0, 1;
    %store/vec4 v0x557c53205570_0, 0, 1;
    %pushi/vec4 0, 0, 1;
    %store/vec4 v0x557c53205740_0, 0, 1;
    %jmp T_0.49;
T_0.46 ;
    %pushi/vec4 0, 0, 1;
    %store/vec4 v0x557c53205d40_0, 0, 1;
    %pushi/vec4 1, 0, 1;
    %store/vec4 v0x557c532058c0_0, 0, 1;
    %pushi/vec4 1, 0, 1;
    %store/vec4 v0x557c53205a40_0, 0, 1;
    %pushi/vec4 0, 0, 1;
    %store/vec4 v0x557c53205980_0, 0, 1;
    %pushi/vec4 1, 0, 1;
    %store/vec4 v0x557c5312e250_0, 0, 1;
    %pushi/vec4 1, 0, 1;
    %store/vec4 v0x557c53205e00_0, 0, 1;
    %pushi/vec4 0, 0, 1;
    %store/vec4 v0x557c53206040_0, 0, 1;
    %pushi/vec4 0, 0, 1;
    %store/vec4 v0x557c53205c80_0, 0, 1;
    %pushi/vec4 1, 0, 1;
    %store/vec4 v0x557c53205410_0, 0, 1;
    %pushi/vec4 0, 0, 1;
    %store/vec4 v0x557c53206100_0, 0, 1;
    %pushi/vec4 0, 0, 1;
    %store/vec4 v0x557c53205b00_0, 0, 1;
    %pushi/vec4 0, 0, 1;
    %store/vec4 v0x557c53205800_0, 0, 1;
    %pushi/vec4 0, 0, 1;
    %store/vec4 v0x557c532061c0_0, 0, 1;
    %pushi/vec4 0, 0, 1;
    %store/vec4 v0x557c53205bc0_0, 0, 1;
    %pushi/vec4 0, 0, 1;
    %store/vec4 v0x557c532054d0_0, 0, 1;
    %pushi/vec4 0, 0, 1;
    %store/vec4 v0x557c53206280_0, 0, 1;
    %pushi/vec4 0, 0, 1;
    %store/vec4 v0x557c53205ec0_0, 0, 1;
    %pushi/vec4 0, 0, 1;
    %store/vec4 v0x557c53205f80_0, 0, 1;
    %pushi/vec4 0, 0, 1;
    %store/vec4 v0x557c53205570_0, 0, 1;
    %pushi/vec4 0, 0, 1;
    %store/vec4 v0x557c53205740_0, 0, 1;
    %jmp T_0.49;
T_0.47 ;
    %pushi/vec4 1, 1, 1;
    %store/vec4 v0x557c53205d40_0, 0, 1;
    %pushi/vec4 0, 0, 1;
    %store/vec4 v0x557c532058c0_0, 0, 1;
    %pushi/vec4 1, 1, 1;
    %store/vec4 v0x557c53205a40_0, 0, 1;
    %pushi/vec4 1, 0, 1;
    %store/vec4 v0x557c53205980_0, 0, 1;
    %pushi/vec4 1, 0, 1;
    %store/vec4 v0x557c5312e250_0, 0, 1;
    %pushi/vec4 0, 0, 1;
    %store/vec4 v0x557c53205e00_0, 0, 1;
    %pushi/vec4 0, 0, 1;
    %store/vec4 v0x557c53206040_0, 0, 1;
    %pushi/vec4 0, 0, 1;
    %store/vec4 v0x557c53205c80_0, 0, 1;
    %pushi/vec4 1, 0, 1;
    %store/vec4 v0x557c53205410_0, 0, 1;
    %pushi/vec4 0, 0, 1;
    %store/vec4 v0x557c53206100_0, 0, 1;
    %pushi/vec4 0, 0, 1;
    %store/vec4 v0x557c53205b00_0, 0, 1;
    %pushi/vec4 0, 0, 1;
    %store/vec4 v0x557c53205800_0, 0, 1;
    %pushi/vec4 0, 0, 1;
    %store/vec4 v0x557c532061c0_0, 0, 1;
    %pushi/vec4 0, 0, 1;
    %store/vec4 v0x557c53205bc0_0, 0, 1;
    %pushi/vec4 0, 0, 1;
    %store/vec4 v0x557c532054d0_0, 0, 1;
    %pushi/vec4 0, 0, 1;
    %store/vec4 v0x557c53206280_0, 0, 1;
    %pushi/vec4 0, 0, 1;
    %store/vec4 v0x557c53205ec0_0, 0, 1;
    %pushi/vec4 0, 0, 1;
    %store/vec4 v0x557c53205f80_0, 0, 1;
    %pushi/vec4 0, 0, 1;
    %store/vec4 v0x557c53205570_0, 0, 1;
    %pushi/vec4 0, 0, 1;
    %store/vec4 v0x557c53205740_0, 0, 1;
    %jmp T_0.49;
T_0.49 ;
    %pop/vec4 1;
T_0.27 ;
T_0.3 ;
T_0.1 ;
    %jmp T_0;
    .thread T_0, $push;
# The file index is used to find the file name in the following table.
:file_names 4;
    "N/A";
    "<interactive>";
    "-";
    "control.v";
